2024-12-12T13:44:54.497Z - info: [ui] [AppStore] loading 1 repositories from store
2024-12-12T13:44:54.499Z - info: [ui] [AppStore] found account: MrShiroLu (Burak Artun)
2024-12-12T13:44:54.647Z - info: [ui] launching: 3.4.3-linux1 (Linux 6.12.4-arch1-1)
2024-12-12T13:44:54.647Z - info: [ui] execPath: '/opt/github-desktop/github-desktop'
2024-12-12T13:44:55.086Z - info: [ui] [BranchPruner] Last prune took place 1 second ago - skipping
2024-12-12T13:44:55.200Z - info: [ui] Subscribed 'MrShiroLu' to Alive channel
2024-12-12T13:44:55.256Z - info: [ui] Stats reported.
2024-12-12T13:47:20.001Z - info: [ui] [RepositoryIndicatorUpdater]: Refreshing sidebar indicators for 1 repositories took 0.3s of which 0.0s paused, total 0.3s
2024-12-12T13:47:23.159Z - info: [ui] Executing updateRemoteHEAD: git remote set-head -a origin (took 1.005s)
2024-12-12T13:47:54.665Z - info: [ui] [Timing] Action 'create commit' for 'MrShiroLu/arch-dotfiles' took 0.071s
2024-12-12T13:48:07.974Z - info: [ui] credential-helper: found GitHub credential for https://github.com/ in store
2024-12-12T13:48:08.985Z - info: [ui] Executing push: git push origin main:main --progress (took 1.652s)
2024-12-12T13:48:21.010Z - info: [ui] [BranchPruner] Last prune took place 3 minutes ago - skipping
2024-12-12T13:51:26.902Z - info: [ui] [Timing] Action 'create commit' for 'MrShiroLu/arch-dotfiles' took 0.067s
2024-12-12T13:51:31.460Z - info: [ui] credential-helper: found GitHub credential for https://github.com/ in store
2024-12-12T13:51:32.311Z - info: [ui] Executing push: git push origin main:main --progress (took 1.211s)
2024-12-12T13:52:53.921Z - info: [ui] [AppStore] loading 1 repositories from store
2024-12-12T13:52:53.923Z - info: [ui] [AppStore] found account: MrShiroLu (Burak Artun)
2024-12-12T13:52:53.946Z - info: [ui] [BranchPruner] Last prune took place 8 minutes ago - skipping
2024-12-12T13:52:54.272Z - info: [ui] launching: 3.4.3-linux1 (Linux 6.12.4-arch1-1)
2024-12-12T13:52:54.272Z - info: [ui] execPath: '/opt/github-desktop/github-desktop'
2024-12-12T13:52:54.581Z - info: [ui] Subscribed 'MrShiroLu' to Alive channel
