2024-09-26T07:05:31.378Z - info: [ui] [AppStore] loading 0 repositories from store
2024-09-26T07:05:31.393Z - info: [ui] [Welcome] no sign in step found. ignoring...
2024-09-26T07:05:31.412Z - info: [ui] [Welcome] no sign in step found. ignoring...
2024-09-26T07:05:31.414Z - info: [ui] launching: 3.4.3-linux1 (Linux 6.10.10-arch1-1)
2024-09-26T07:05:31.414Z - info: [ui] execPath: '/opt/github-desktop/github-desktop'
2024-09-26T07:05:31.428Z - info: [ui] [Welcome] no sign in step found. ignoring...
2024-09-26T07:05:31.453Z - info: [ui] [Welcome] no sign in step found. ignoring...
2024-09-26T07:05:32.040Z - info: [ui] Opt in reported.
2024-09-26T07:05:34.398Z - info: [ui] [Welcome] advancing to step: SignInToDotComWithBrowser
2024-09-26T07:05:34.399Z - info: [ui] [SignInStore] initializing OAuth flow
2024-09-26T07:05:34.406Z - info: [main] opening in browser: https://github.com/login/oauth/authorize?client_id=3a723b10ac5575cc5bb9&scope=repo%20user%20workflow&state=e5d208b9-e4fb-4fb1-aa9e-d4bea5c6786b
2024-09-26T07:05:34.406Z - info: [ui] [SignInStore] account resolved
2024-09-26T07:05:34.406Z - info: [ui] [Welcome] current sign in state not found. ignoring...
2024-09-26T07:05:35.791Z - info: [ui] [Welcome] kind Authentication is the same as Authentication. ignoring...
2024-09-26T07:06:09.155Z - info: [main] Received possible protocol arguments: 3
2024-09-26T07:06:09.156Z - info: [main] Processing protocol url
2024-09-26T07:06:09.157Z - info: [ui] [Welcome] kind Authentication is the same as Authentication. ignoring...
2024-09-26T07:06:09.200Z - info: [main] Received possible protocol arguments: 2
2024-09-26T07:06:09.203Z - info: [main] Processing protocol url
2024-09-26T07:06:10.234Z - info: [ui] [AppStore] adding account MrShiroLu (Burak Artun) to store
2024-09-26T07:06:10.235Z - info: [ui] [Welcome] advancing to step: ConfigureGit
2024-09-26T07:06:10.256Z - error: [ui] Error adding account 'MrShiroLu'
Error: The name is not activatable
2024-09-26T07:06:10.259Z - info: [ui] [Welcome] no sign in step found. ignoring...
2024-09-26T07:07:04.160Z - info: [ui] [AppStore] adding repository at /home/burak/GitHub/dotfiles to store
2024-09-26T07:07:09.380Z - info: [ui] [SignInStore] initializing OAuth flow
2024-09-26T07:07:09.385Z - info: [main] opening in browser: https://github.com/login/oauth/authorize?client_id=3a723b10ac5575cc5bb9&scope=repo%20user%20workflow&state=66cfe37b-9f32-4ecb-b333-1f461c986770
2024-09-26T07:07:09.385Z - info: [ui] [SignInStore] account resolved
2024-09-26T07:07:12.772Z - info: [main] Received possible protocol arguments: 3
2024-09-26T07:07:12.772Z - info: [main] Processing protocol url
2024-09-26T07:07:12.814Z - info: [main] Received possible protocol arguments: 2
2024-09-26T07:07:12.817Z - info: [main] Processing protocol url
2024-09-26T07:07:13.826Z - info: [ui] [AppStore] adding account MrShiroLu (Burak Artun) to store
2024-09-26T07:07:13.835Z - error: [ui] Error adding account 'MrShiroLu'
Error: The name is not activatable
2024-09-26T07:07:21.668Z - info: [main] Received possible protocol arguments: 3
2024-09-26T07:07:21.668Z - info: [main] Processing protocol url
2024-09-26T07:07:21.709Z - info: [main] Received possible protocol arguments: 2
2024-09-26T07:07:21.712Z - info: [main] Processing protocol url
2024-09-26T07:07:22.976Z - info: [main] Received possible protocol arguments: 3
2024-09-26T07:07:22.976Z - info: [main] Processing protocol url
2024-09-26T07:07:23.017Z - info: [main] Received possible protocol arguments: 2
2024-09-26T07:07:23.021Z - info: [main] Processing protocol url
2024-09-26T07:07:47.176Z - info: [ui] [RepositoryIndicatorUpdater]: Refreshing sidebar indicators for 1 repositories took 0.0s of which 0.0s paused, total 0.0s
2024-09-26T07:18:09.776Z - info: [ui] [AppStore] loading 1 repositories from store
2024-09-26T07:18:09.981Z - info: [ui] launching: 3.4.3-linux1 (Linux 6.10.10-arch1-1)
2024-09-26T07:18:09.981Z - info: [ui] execPath: '/opt/github-desktop/github-desktop'
2024-09-26T07:18:10.599Z - info: [ui] Stats reported.
2024-09-26T07:18:14.096Z - info: [ui] [SignInStore] initializing OAuth flow
2024-09-26T07:18:14.102Z - info: [main] opening in browser: https://github.com/login/oauth/authorize?client_id=3a723b10ac5575cc5bb9&scope=repo%20user%20workflow&state=f3c83506-8270-45d6-821e-be9d0a9af324
2024-09-26T07:18:14.102Z - info: [ui] [SignInStore] account resolved
2024-09-26T07:18:17.316Z - info: [main] Received possible protocol arguments: 3
2024-09-26T07:18:17.316Z - info: [main] Processing protocol url
2024-09-26T07:18:17.361Z - info: [main] Received possible protocol arguments: 2
2024-09-26T07:18:17.365Z - info: [main] Processing protocol url
2024-09-26T07:18:18.535Z - info: [ui] [AppStore] adding account MrShiroLu (Burak Artun) to store
2024-09-26T07:18:32.160Z - info: [ui] Subscribed 'MrShiroLu' to Alive channel
2024-09-26T07:19:14.501Z - info: [ui] credential-helper: found GitHub credential for https://github.com/ in store
2024-09-26T07:19:15.334Z - info: [ui] Executing push: git push origin main --set-upstream --progress (took 1.154s)
2024-09-26T07:19:15.644Z - info: [ui] credential-helper: found GitHub credential for https://github.com/ in store
2024-09-26T07:19:16.387Z - info: [ui] credential-helper: found GitHub credential for https://github.com/ in store
2024-09-26T07:19:17.335Z - info: [ui] [BranchPruner] No branches to prune.
2024-09-26T07:20:18.994Z - info: [ui] credential-helper: found GitHub credential for https://github.com/ in store
2024-09-26T07:20:19.894Z - info: [ui] credential-helper: found GitHub credential for https://github.com/ in store
2024-09-26T07:20:46.864Z - info: [ui] [Timing] Action 'create commit' for 'MrShiroLu/dotfiles' took 0.117s
2024-09-26T07:20:51.183Z - info: [ui] credential-helper: found GitHub credential for https://github.com/ in store
2024-09-26T07:20:52.744Z - info: [ui] Executing push: git push origin main:main --progress (took 1.851s)
2024-09-26T07:20:53.035Z - info: [ui] credential-helper: found GitHub credential for https://github.com/ in store
2024-09-26T07:20:53.949Z - info: [ui] credential-helper: found GitHub credential for https://github.com/ in store
2024-09-26T07:21:11.901Z - info: [ui] credential-helper: found GitHub credential for https://github.com/ in store
2024-09-26T07:21:12.720Z - info: [ui] credential-helper: found GitHub credential for https://github.com/ in store
2024-09-26T07:37:59.350Z - info: [ui] [AppStore] loading 1 repositories from store
2024-09-26T07:37:59.352Z - info: [ui] [AppStore] found account: MrShiroLu (Burak Artun)
2024-09-26T07:37:59.366Z - info: [ui] [BranchPruner] Last prune took place 19 minutes ago - skipping
2024-09-26T07:37:59.609Z - info: [ui] launching: 3.4.3-linux1 (Linux 6.10.10-arch1-1)
2024-09-26T07:37:59.609Z - info: [ui] execPath: '/opt/github-desktop/github-desktop'
2024-09-26T07:37:59.868Z - info: [ui] Subscribed 'MrShiroLu' to Alive channel
2024-09-26T07:38:15.427Z - info: [ui] credential-helper: found GitHub credential for https://github.com/ in store
2024-09-26T07:38:16.214Z - info: [ui] credential-helper: found GitHub credential for https://github.com/ in store
2024-09-26T07:40:00.816Z - info: [ui] [AppStore] adding repository at /home/burak/GitHub/dotfiles to store
2024-09-26T07:40:45.204Z - info: [ui] credential-helper: found GitHub credential for https://github.com/ in store
2024-09-26T07:40:45.972Z - info: [ui] Executing push: git push origin main --set-upstream --progress (took 1.153s)
2024-09-26T07:40:46.256Z - info: [ui] credential-helper: found GitHub credential for https://github.com/ in store
2024-09-26T07:40:47.092Z - info: [ui] credential-helper: found GitHub credential for https://github.com/ in store
2024-09-26T07:40:48.187Z - info: [ui] [BranchPruner] No branches to prune.
2024-09-26T07:42:02.694Z - info: [ui] [AppStore] loading 1 repositories from store
2024-09-26T07:42:02.696Z - info: [ui] [AppStore] found account: MrShiroLu (Burak Artun)
2024-09-26T07:42:02.715Z - info: [ui] [BranchPruner] Last prune took place 1 minute ago - skipping
2024-09-26T07:42:02.774Z - info: [ui] launching: 3.4.3-linux1 (Linux 6.10.10-arch1-1)
2024-09-26T07:42:02.776Z - info: [ui] execPath: '/opt/github-desktop/github-desktop'
2024-09-26T07:42:03.224Z - info: [ui] Subscribed 'MrShiroLu' to Alive channel
2024-09-26T07:42:20.530Z - info: [ui] [AppStore] adding repository at /home/burak/GitHub/dotfiles to store
2024-09-26T07:42:50.860Z - info: [ui] credential-helper: found GitHub credential for https://github.com/ in store
2024-09-26T07:42:51.778Z - info: [ui] Executing push: git push origin main --set-upstream --progress (took 1.215s)
2024-09-26T07:42:53.209Z - info: [ui] [BranchPruner] No branches to prune.
2024-09-26T07:44:01.797Z - info: [ui] [Timing] Action 'create commit' for 'MrShiroLu/archlinux-dotfiles' took 0.124s
2024-09-26T07:44:24.705Z - info: [ui] credential-helper: found GitHub credential for https://github.com/ in store
2024-09-26T07:44:26.281Z - info: [ui] Executing push: git push origin main:main --progress (took 1.880s)
2024-09-26T07:47:41.592Z - info: [ui] [AppStore] adding repository at /home/burak/GitHub/dotfiles to store
2024-09-26T07:47:48.869Z - info: [ui] credential-helper: found GitHub credential for https://github.com/ in store
2024-09-26T07:47:49.790Z - info: [ui] credential-helper: found GitHub credential for https://github.com/ in store
2024-09-26T07:47:50.628Z - info: [ui] credential-helper: found GitHub credential for https://github.com/ in store
2024-09-26T07:47:51.634Z - info: [ui] [BranchPruner] Last prune took place 29 minutes ago - skipping
2024-09-26T07:48:55.860Z - info: [ui] [AppStore] adding repository at /home/burak/GitHub/arch-dotfiles to store
2024-09-26T07:52:27.137Z - info: [ui] [Timing] Action 'create commit' for 'arch-dotfiles' took 0.071s
2024-09-26T07:52:32.601Z - info: [ui] credential-helper: found GitHub credential for https://github.com/ in store
2024-09-26T07:52:33.522Z - info: [ui] Executing push: git push origin main --set-upstream --progress (took 1.232s)
2024-09-26T07:52:33.818Z - info: [ui] credential-helper: found GitHub credential for https://github.com/ in store
2024-09-26T07:52:34.587Z - info: [ui] credential-helper: found GitHub credential for https://github.com/ in store
2024-09-26T07:52:35.599Z - info: [ui] [BranchPruner] No branches to prune.
2024-09-26T07:52:58.056Z - info: [ui] credential-helper: found GitHub credential for https://github.com/ in store
2024-09-26T07:52:58.790Z - info: [ui] credential-helper: found GitHub credential for https://github.com/ in store
2024-09-26T07:53:40.166Z - info: [ui] credential-helper: found GitHub credential for https://github.com/ in store
2024-09-26T07:53:40.885Z - info: [ui] credential-helper: found GitHub credential for https://github.com/ in store
