2025-01-11T13:06:14.207Z - info: [ui] [AppStore] loading 2 repositories from store
2025-01-11T13:06:14.213Z - info: [ui] [AppStore] found account: MrShiroLu (Burak Artun)
2025-01-11T13:06:14.277Z - info: [ui] [BranchPruner] Last prune took place 16 hours ago - skipping
2025-01-11T13:06:14.908Z - info: [ui] launching: 3.4.3-linux1 (Linux 6.12.8-arch1-1)
2025-01-11T13:06:14.909Z - info: [ui] execPath: '/opt/github-desktop/github-desktop'
2025-01-11T13:06:14.936Z - info: [ui] Subscribed 'MrShiroLu' to Alive channel
2025-01-11T13:08:47.415Z - warn: [ui] fetchRepository: 'MrShiroLu/arch-dotfiles' returned a 404
2025-01-11T13:08:47.623Z - warn: [ui] fetchRepository: 'MrShiroLu/arch-dotfiles' returned a 404
2025-01-11T13:08:48.115Z - info: [ui] credential-helper: found GitHub credential for https://github.com/ in store
2025-01-11T13:08:48.294Z - error: [ui] `git fetch --progress --prune --recurse-submodules=on-demand origin` exited with an unexpected code: 128.
stderr:
remote: Repository not found.
fatal: repository 'https://github.com/MrShiroLu/arch-dotfiles.git/' not found

(The error was parsed as 9: The repository does not seem to exist anymore. You may not have access, or it may have been deleted or renamed.)
2025-01-11T13:08:48.315Z - info: [ui] [RepositoryIndicatorUpdater]: Refreshing sidebar indicators for 1 repositories took 1.2s of which 0.0s paused, total 1.2s
2025-01-11T13:09:25.859Z - info: [ui] [Timing] Action 'create commit' for 'MrShiroLu/e-commerce-vanilla-js' took 0.191s
2025-01-11T13:09:55.336Z - info: [ui] credential-helper: found GitHub credential for https://github.com/ in store
2025-01-11T13:09:56.436Z - info: [ui] Executing push: git push origin master:master --progress (took 1.488s)
2025-01-11T13:11:24.676Z - info: [ui] [BranchPruner] Last prune took place 16 hours ago - skipping
2025-01-11T13:11:24.682Z - warn: [ui] fetchRepository: 'MrShiroLu/arch-dotfiles' returned a 404
2025-01-11T13:11:25.461Z - info: [ui] [fetchProtectedBranches] unable to list protected branches
Error: Not Found
    at yn (/home/burak/webpack:/app/src/lib/http.ts:178:11)
    at ir.fetchProtectedBranches (/home/burak/webpack:/app/src/lib/api.ts:1644:7)
    at Hp.updateBranchProtectionsFromAPI (/home/burak/webpack:/app/src/lib/stores/app-store.ts:4218:11)
2025-01-11T13:11:25.482Z - warn: [ui] fetchAll: 'repos/MrShiroLu/arch-dotfiles/issues?state=open' returned a 404
2025-01-11T13:11:25.482Z - warn: [ui] fetchMentionables: 'repos/MrShiroLu/arch-dotfiles/mentionables/users' returned a 404
2025-01-11T13:11:25.483Z - warn: [ui] fetchAll: 'repos/MrShiroLu/arch-dotfiles/pulls?state=open' returned a 404
2025-01-11T13:11:25.487Z - info: [ui] credential-helper: found GitHub credential for https://github.com/ in store
2025-01-11T13:11:25.692Z - info: [ui] Executing fetch: git fetch --progress --prune --recurse-submodules=on-demand origin (took 1.210s)
2025-01-11T13:11:25.693Z - error: [ui] `git fetch --progress --prune --recurse-submodules=on-demand origin` exited with an unexpected code: 128.
stderr:
remote: Repository not found.
fatal: repository 'https://github.com/MrShiroLu/arch-dotfiles.git/' not found

(The error was parsed as 9: The repository does not seem to exist anymore. You may not have access, or it may have been deleted or renamed.)
2025-01-11T13:11:25.980Z - info: [ui] [fetchPushControl] unable to check if branch is potentially pushable
Error: Not Found
    at yn (/home/burak/webpack:/app/src/lib/http.ts:178:11)
    at ir.fetchPushControl (/home/burak/webpack:/app/src/lib/api.ts:1618:7)
    at Hp.refreshBranchProtectionState (/home/burak/webpack:/app/src/lib/stores/app-store.ts:1240:39)
    at /home/burak/webpack:/app/src/lib/stores/app-store.ts:5140:32
    at Hp.withPushPullFetch (/home/burak/webpack:/app/src/lib/stores/app-store.ts:4640:5)
    at Hp.performFetch (/home/burak/webpack:/app/src/lib/stores/app-store.ts:5097:5)
    at pw.performAndScheduleFetch (/home/burak/webpack:/app/src/lib/stores/helpers/background-fetcher.ts:92:7)
2025-01-11T13:11:26.188Z - info: [ui] [fetchAllRepoRulesets] unable to fetch all repo rulesets | repos/MrShiroLu/arch-dotfiles/rulesets
Error: Not Found
    at yn (/home/burak/webpack:/app/src/lib/http.ts:178:11)
    at ir.fetchAllRepoRulesets (/home/burak/webpack:/app/src/lib/api.ts:1688:7)
    at Hp.refreshBranchProtectionState (/home/burak/webpack:/app/src/lib/stores/app-store.ts:1244:15)
    at /home/burak/webpack:/app/src/lib/stores/app-store.ts:5140:32
    at Hp.withPushPullFetch (/home/burak/webpack:/app/src/lib/stores/app-store.ts:4640:5)
    at Hp.performFetch (/home/burak/webpack:/app/src/lib/stores/app-store.ts:5097:5)
    at pw.performAndScheduleFetch (/home/burak/webpack:/app/src/lib/stores/helpers/background-fetcher.ts:92:7)
2025-01-11T13:11:26.402Z - info: [ui] [fetchRepoRulesForBranch] unable to fetch repo rules for branch: main | repos/MrShiroLu/arch-dotfiles/rules/branches/main
Error: Not Found
    at yn (/home/burak/webpack:/app/src/lib/http.ts:178:11)
    at ir.fetchRepoRulesForBranch (/home/burak/webpack:/app/src/lib/api.ts:1667:7)
    at Hp.refreshBranchProtectionState (/home/burak/webpack:/app/src/lib/stores/app-store.ts:1265:15)
    at /home/burak/webpack:/app/src/lib/stores/app-store.ts:5140:32
    at Hp.withPushPullFetch (/home/burak/webpack:/app/src/lib/stores/app-store.ts:4640:5)
    at Hp.performFetch (/home/burak/webpack:/app/src/lib/stores/app-store.ts:5097:5)
    at pw.performAndScheduleFetch (/home/burak/webpack:/app/src/lib/stores/helpers/background-fetcher.ts:92:7)
