2025-01-09T09:20:29.753Z - info: [ui] [AppStore] loading 1 repositories from store
2025-01-09T09:20:29.755Z - info: [ui] [AppStore] found account: MrShiroLu (Burak Artun)
2025-01-09T09:20:29.930Z - info: [ui] launching: 3.4.3-linux1 (Linux 6.12.8-arch1-1)
2025-01-09T09:20:29.931Z - info: [ui] execPath: '/opt/github-desktop/github-desktop'
2025-01-09T09:20:30.448Z - warn: [ui] fetchAll: 'repos/MrShiroLu/arch-dotfiles/pulls?state=open' returned a 404
2025-01-09T09:20:30.450Z - warn: [ui] fetchMentionables: 'repos/MrShiroLu/arch-dotfiles/mentionables/users' returned a 404
2025-01-09T09:20:30.452Z - warn: [ui] fetchAll: 'repos/MrShiroLu/arch-dotfiles/issues?state=open' returned a 404
2025-01-09T09:20:30.454Z - warn: [ui] fetchRepository: 'MrShiroLu/arch-dotfiles' returned a 404
2025-01-09T09:20:30.747Z - info: [ui] [fetchProtectedBranches] unable to list protected branches
Error: Not Found
    at yn (/home/burak/webpack:/app/src/lib/http.ts:178:11)
    at ir.fetchProtectedBranches (/home/burak/webpack:/app/src/lib/api.ts:1644:7)
    at Hp.updateBranchProtectionsFromAPI (/home/burak/webpack:/app/src/lib/stores/app-store.ts:4218:11)
2025-01-09T09:20:30.754Z - info: [ui] Stats reported.
2025-01-09T09:20:30.757Z - info: [ui] Subscribed 'MrShiroLu' to Alive channel
2025-01-09T09:20:53.073Z - info: [ui] credential-helper: found GitHub credential for https://github.com/ in store
2025-01-09T09:20:53.311Z - error: [ui] `git fetch --progress --prune --recurse-submodules=on-demand origin` exited with an unexpected code: 128.
stderr:
remote: Repository not found.
fatal: repository 'https://github.com/MrShiroLu/arch-dotfiles.git/' not found

(The error was parsed as 9: The repository does not seem to exist anymore. You may not have access, or it may have been deleted or renamed.)
2025-01-09T09:20:53.575Z - info: [ui] [fetchPushControl] unable to check if branch is potentially pushable
Error: Not Found
    at yn (/home/burak/webpack:/app/src/lib/http.ts:178:11)
    at ir.fetchPushControl (/home/burak/webpack:/app/src/lib/api.ts:1618:7)
    at Hp.refreshBranchProtectionState (/home/burak/webpack:/app/src/lib/stores/app-store.ts:1240:39)
    at /home/burak/webpack:/app/src/lib/stores/app-store.ts:5140:32
    at Hp.withPushPullFetch (/home/burak/webpack:/app/src/lib/stores/app-store.ts:4640:5)
    at Hp.performFetch (/home/burak/webpack:/app/src/lib/stores/app-store.ts:5097:5)
    at pw.performAndScheduleFetch (/home/burak/webpack:/app/src/lib/stores/helpers/background-fetcher.ts:92:7)
2025-01-09T09:20:53.917Z - info: [ui] [fetchAllRepoRulesets] unable to fetch all repo rulesets | repos/MrShiroLu/arch-dotfiles/rulesets
Error: Not Found
    at yn (/home/burak/webpack:/app/src/lib/http.ts:178:11)
    at ir.fetchAllRepoRulesets (/home/burak/webpack:/app/src/lib/api.ts:1688:7)
    at Hp.refreshBranchProtectionState (/home/burak/webpack:/app/src/lib/stores/app-store.ts:1244:15)
    at /home/burak/webpack:/app/src/lib/stores/app-store.ts:5140:32
    at Hp.withPushPullFetch (/home/burak/webpack:/app/src/lib/stores/app-store.ts:4640:5)
    at Hp.performFetch (/home/burak/webpack:/app/src/lib/stores/app-store.ts:5097:5)
    at pw.performAndScheduleFetch (/home/burak/webpack:/app/src/lib/stores/helpers/background-fetcher.ts:92:7)
2025-01-09T09:20:54.149Z - info: [ui] [fetchRepoRulesForBranch] unable to fetch repo rules for branch: main | repos/MrShiroLu/arch-dotfiles/rules/branches/main
Error: Not Found
    at yn (/home/burak/webpack:/app/src/lib/http.ts:178:11)
    at ir.fetchRepoRulesForBranch (/home/burak/webpack:/app/src/lib/api.ts:1667:7)
    at Hp.refreshBranchProtectionState (/home/burak/webpack:/app/src/lib/stores/app-store.ts:1265:15)
    at /home/burak/webpack:/app/src/lib/stores/app-store.ts:5140:32
    at Hp.withPushPullFetch (/home/burak/webpack:/app/src/lib/stores/app-store.ts:4640:5)
    at Hp.performFetch (/home/burak/webpack:/app/src/lib/stores/app-store.ts:5097:5)
    at pw.performAndScheduleFetch (/home/burak/webpack:/app/src/lib/stores/helpers/background-fetcher.ts:92:7)
2025-01-09T10:31:06.518Z - info: [ui] [AppStore] loading 1 repositories from store
2025-01-09T10:31:06.520Z - info: [ui] [AppStore] found account: MrShiroLu (Burak Artun)
2025-01-09T10:31:06.537Z - info: [ui] [BranchPruner] Last prune took place 1 hour ago - skipping
2025-01-09T10:31:06.697Z - info: [ui] launching: 3.4.3-linux1 (Linux 6.12.8-arch1-1)
2025-01-09T10:31:06.698Z - info: [ui] execPath: '/opt/github-desktop/github-desktop'
2025-01-09T10:31:06.964Z - warn: [ui] fetchMentionables: 'repos/MrShiroLu/arch-dotfiles/mentionables/users' returned a 404
2025-01-09T10:31:06.969Z - warn: [ui] fetchAll: 'repos/MrShiroLu/arch-dotfiles/pulls?state=open' returned a 404
2025-01-09T10:31:06.977Z - warn: [ui] fetchRepository: 'MrShiroLu/arch-dotfiles' returned a 404
2025-01-09T10:31:06.978Z - warn: [ui] fetchAll: 'repos/MrShiroLu/arch-dotfiles/issues?state=open' returned a 404
2025-01-09T10:31:07.266Z - info: [ui] [fetchProtectedBranches] unable to list protected branches
Error: Not Found
    at yn (/home/burak/webpack:/app/src/lib/http.ts:178:11)
    at ir.fetchProtectedBranches (/home/burak/webpack:/app/src/lib/api.ts:1644:7)
    at Hp.updateBranchProtectionsFromAPI (/home/burak/webpack:/app/src/lib/stores/app-store.ts:4218:11)
2025-01-09T10:31:07.557Z - info: [ui] Subscribed 'MrShiroLu' to Alive channel
2025-01-09T10:31:12.887Z - info: [ui] credential-helper: found GitHub credential for https://github.com/ in store
2025-01-09T10:31:13.053Z - info: [ui] Executing fetch: git fetch --progress --prune --recurse-submodules=on-demand origin (took 1.249s)
2025-01-09T10:31:13.054Z - error: [ui] `git fetch --progress --prune --recurse-submodules=on-demand origin` exited with an unexpected code: 128.
stderr:
remote: Repository not found.
fatal: repository 'https://github.com/MrShiroLu/arch-dotfiles.git/' not found

(The error was parsed as 9: The repository does not seem to exist anymore. You may not have access, or it may have been deleted or renamed.)
2025-01-09T10:31:13.283Z - info: [ui] [fetchPushControl] unable to check if branch is potentially pushable
Error: Not Found
    at yn (/home/burak/webpack:/app/src/lib/http.ts:178:11)
    at ir.fetchPushControl (/home/burak/webpack:/app/src/lib/api.ts:1618:7)
    at Hp.refreshBranchProtectionState (/home/burak/webpack:/app/src/lib/stores/app-store.ts:1240:39)
    at /home/burak/webpack:/app/src/lib/stores/app-store.ts:5140:32
    at Hp.withPushPullFetch (/home/burak/webpack:/app/src/lib/stores/app-store.ts:4640:5)
    at Hp.performFetch (/home/burak/webpack:/app/src/lib/stores/app-store.ts:5097:5)
    at pw.performAndScheduleFetch (/home/burak/webpack:/app/src/lib/stores/helpers/background-fetcher.ts:92:7)
2025-01-09T10:31:13.493Z - info: [ui] [fetchAllRepoRulesets] unable to fetch all repo rulesets | repos/MrShiroLu/arch-dotfiles/rulesets
Error: Not Found
    at yn (/home/burak/webpack:/app/src/lib/http.ts:178:11)
    at ir.fetchAllRepoRulesets (/home/burak/webpack:/app/src/lib/api.ts:1688:7)
    at Hp.refreshBranchProtectionState (/home/burak/webpack:/app/src/lib/stores/app-store.ts:1244:15)
    at /home/burak/webpack:/app/src/lib/stores/app-store.ts:5140:32
    at Hp.withPushPullFetch (/home/burak/webpack:/app/src/lib/stores/app-store.ts:4640:5)
    at Hp.performFetch (/home/burak/webpack:/app/src/lib/stores/app-store.ts:5097:5)
    at pw.performAndScheduleFetch (/home/burak/webpack:/app/src/lib/stores/helpers/background-fetcher.ts:92:7)
2025-01-09T10:31:13.798Z - info: [ui] [fetchRepoRulesForBranch] unable to fetch repo rules for branch: main | repos/MrShiroLu/arch-dotfiles/rules/branches/main
Error: Not Found
    at yn (/home/burak/webpack:/app/src/lib/http.ts:178:11)
    at ir.fetchRepoRulesForBranch (/home/burak/webpack:/app/src/lib/api.ts:1667:7)
    at Hp.refreshBranchProtectionState (/home/burak/webpack:/app/src/lib/stores/app-store.ts:1265:15)
    at /home/burak/webpack:/app/src/lib/stores/app-store.ts:5140:32
    at Hp.withPushPullFetch (/home/burak/webpack:/app/src/lib/stores/app-store.ts:4640:5)
    at Hp.performFetch (/home/burak/webpack:/app/src/lib/stores/app-store.ts:5097:5)
    at pw.performAndScheduleFetch (/home/burak/webpack:/app/src/lib/stores/helpers/background-fetcher.ts:92:7)
2025-01-09T10:33:25.917Z - warn: [ui] fetchAll: 'repos/MrShiroLu/arch-dotfiles/pulls?state=open' returned a 404
2025-01-09T10:41:38.603Z - warn: [ui] fetchAll: 'repos/MrShiroLu/arch-dotfiles/pulls?state=open' returned a 404
2025-01-09T10:47:16.264Z - warn: [ui] fetchAll: 'repos/MrShiroLu/arch-dotfiles/pulls?state=open' returned a 404
