2025-01-22 00:41:30.435 [info] Extension host with pid 35298 started
2025-01-22 00:41:30.528 [info] ExtensionService#_doActivateExtension vscode.git-base, startup: true, activationEvent: '*', root cause: vscode.git
2025-01-22 00:41:30.538 [info] ExtensionService#_doActivateExtension vscode.git, startup: true, activationEvent: '*'
2025-01-22 00:41:30.615 [info] ExtensionService#_doActivateExtension vscode.github, startup: true, activationEvent: '*'
2025-01-22 00:41:30.687 [info] Eager extensions activated
2025-01-22 00:41:30.700 [info] ExtensionService#_doActivateExtension vscode.debug-auto-launch, startup: false, activationEvent: 'onStartupFinished'
2025-01-22 00:41:30.703 [info] ExtensionService#_doActivateExtension vscode.merge-conflict, startup: false, activationEvent: 'onStartupFinished'
2025-01-22 00:41:30.724 [info] ExtensionService#_doActivateExtension vscode.github-authentication, startup: false, activationEvent: 'onStartupFinished', root cause: GitHub.vscode-pull-request-github
2025-01-22 00:41:30.768 [info] ExtensionService#_doActivateExtension GitHub.vscode-pull-request-github, startup: false, activationEvent: 'onStartupFinished'
2025-01-22 00:41:30.966 [error] Activating extension GitHub.vscode-pull-request-github failed due to an error:
2025-01-22 00:41:30.966 [error] Error: Extension 'GitHub.vscode-pull-request-github' CANNOT use API proposal: diffCommand.
Its package.json#enabledApiProposals-property declares:  but NOT diffCommand.
 The missing proposal MUST be added and you must start in extension development mode or use the following command line switch: --enable-proposed-api GitHub.vscode-pull-request-github
	at L (file:///usr/lib/code/out/vs/workbench/api/node/extensionHostProcess.js:113:16650)
	at Object.registerDiffInformationCommand (file:///usr/lib/code/out/vs/workbench/api/node/extensionHostProcess.js:157:37196)
	at E0 (/home/burak/.vscode-oss/extensions/github.vscode-pull-request-github-0.102.0-universal/dist/extension.js:2207:2008)
	at r4 (/home/burak/.vscode-oss/extensions/github.vscode-pull-request-github-0.102.0-universal/dist/extension.js:2546:4467)
	at u4 (/home/burak/.vscode-oss/extensions/github.vscode-pull-request-github-0.102.0-universal/dist/extension.js:2546:8938)
	at async s4 (/home/burak/.vscode-oss/extensions/github.vscode-pull-request-github-0.102.0-universal/dist/extension.js:2546:6190)
	at async K0.n (file:///usr/lib/code/out/vs/workbench/api/node/extensionHostProcess.js:115:4447)
	at async K0.m (file:///usr/lib/code/out/vs/workbench/api/node/extensionHostProcess.js:115:4410)
	at async K0.l (file:///usr/lib/code/out/vs/workbench/api/node/extensionHostProcess.js:115:3866)
2025-01-22 00:41:31.477 [info] Extension host terminating: renderer closed the MessagePort
2025-01-22 00:41:31.482 [info] Extension host with pid 35298 exiting with code 0
