12/18/2024, 9:26:38 PM GMT+3 [Modules] Modules initializing
12/18/2024, 9:26:38 PM GMT+3 [Modules] Distribution: remote
12/18/2024, 9:26:38 PM GMT+3 [Modules] Host updates: enabled
12/18/2024, 9:26:38 PM GMT+3 [Modules] Module updates: enabled
12/18/2024, 9:26:38 PM GMT+3 [Modules] Module install path: /home/burak/.config/discord/0.0.78/modules
12/18/2024, 9:26:38 PM GMT+3 [Modules] Module installed file path: /home/burak/.config/discord/0.0.78/modules/installed.json
12/18/2024, 9:26:38 PM GMT+3 [Modules] Module download path: /home/burak/.config/discord/0.0.78/modules/pending
12/18/2024, 9:26:38 PM GMT+3 [Modules] Bootstrapping...
12/18/2024, 9:26:38 PM GMT+3 [Modules] Installing discord_desktop_core@0 from /opt/discord/resources/bootstrap/discord_desktop_core.zip
12/18/2024, 9:26:38 PM GMT+3 [Modules] Failed installing discord_desktop_core@0: Error: ENOENT: no such file or directory, open '/opt/discord/resources/bootstrap/discord_desktop_core.zip'
12/18/2024, 9:26:38 PM GMT+3 [Modules] Installing discord_erlpack@0 from /opt/discord/resources/bootstrap/discord_erlpack.zip
12/18/2024, 9:26:38 PM GMT+3 [Modules] Failed installing discord_erlpack@0: Error: ENOENT: no such file or directory, open '/opt/discord/resources/bootstrap/discord_erlpack.zip'
12/18/2024, 9:26:38 PM GMT+3 [Modules] Installing discord_spellcheck@0 from /opt/discord/resources/bootstrap/discord_spellcheck.zip
12/18/2024, 9:26:38 PM GMT+3 [Modules] Failed installing discord_spellcheck@0: Error: ENOENT: no such file or directory, open '/opt/discord/resources/bootstrap/discord_spellcheck.zip'
12/18/2024, 9:26:38 PM GMT+3 [Modules] Installing discord_utils@0 from /opt/discord/resources/bootstrap/discord_utils.zip
12/18/2024, 9:26:38 PM GMT+3 [Modules] Failed installing discord_utils@0: Error: ENOENT: no such file or directory, open '/opt/discord/resources/bootstrap/discord_utils.zip'
12/18/2024, 9:26:38 PM GMT+3 [Modules] Installing discord_voice@0 from /opt/discord/resources/bootstrap/discord_voice.zip
12/18/2024, 9:26:38 PM GMT+3 [Modules] Failed installing discord_voice@0: Error: ENOENT: no such file or directory, open '/opt/discord/resources/bootstrap/discord_voice.zip'
12/18/2024, 9:26:38 PM GMT+3 [Modules] Installing discord_zstd@0 from /opt/discord/resources/bootstrap/discord_zstd.zip
12/18/2024, 9:26:38 PM GMT+3 [Modules] Failed installing discord_zstd@0: Error: ENOENT: no such file or directory, open '/opt/discord/resources/bootstrap/discord_zstd.zip'
12/18/2024, 9:26:38 PM GMT+3 [Modules] Finished module installations. [success: 0] [failure: 6]
12/18/2024, 9:26:38 PM GMT+3 [Modules] Checking for host updates.
12/18/2024, 9:26:38 PM GMT+3 [Modules] Host update failed: Error: self signed certificate
12/18/2024, 9:26:48 PM GMT+3 [Modules] Checking for host updates.
12/18/2024, 9:26:49 PM GMT+3 [Modules] Host update failed: Error: self signed certificate
12/18/2024, 9:27:09 PM GMT+3 [Modules] Checking for host updates.
12/18/2024, 9:27:09 PM GMT+3 [Modules] Host update failed: Error: self signed certificate
1/14/2025, 10:26:45 PM GMT+3 [Modules] Modules initializing
1/14/2025, 10:26:45 PM GMT+3 [Modules] Distribution: remote
1/14/2025, 10:26:45 PM GMT+3 [Modules] Host updates: enabled
1/14/2025, 10:26:45 PM GMT+3 [Modules] Module updates: enabled
1/14/2025, 10:26:45 PM GMT+3 [Modules] Module install path: /home/burak/.config/discord/0.0.80/modules
1/14/2025, 10:26:45 PM GMT+3 [Modules] Module installed file path: /home/burak/.config/discord/0.0.80/modules/installed.json
1/14/2025, 10:26:45 PM GMT+3 [Modules] Module download path: /home/burak/.config/discord/0.0.80/modules/pending
1/14/2025, 10:26:46 PM GMT+3 [Modules] Bootstrapping...
1/14/2025, 10:26:46 PM GMT+3 [Modules] Installing discord_desktop_core@0 from /opt/discord/resources/bootstrap/discord_desktop_core.zip
1/14/2025, 10:26:46 PM GMT+3 [Modules] Failed installing discord_desktop_core@0: Error: ENOENT: no such file or directory, open '/opt/discord/resources/bootstrap/discord_desktop_core.zip'
1/14/2025, 10:26:46 PM GMT+3 [Modules] Installing discord_erlpack@0 from /opt/discord/resources/bootstrap/discord_erlpack.zip
1/14/2025, 10:26:46 PM GMT+3 [Modules] Failed installing discord_erlpack@0: Error: ENOENT: no such file or directory, open '/opt/discord/resources/bootstrap/discord_erlpack.zip'
1/14/2025, 10:26:46 PM GMT+3 [Modules] Installing discord_spellcheck@0 from /opt/discord/resources/bootstrap/discord_spellcheck.zip
1/14/2025, 10:26:46 PM GMT+3 [Modules] Failed installing discord_spellcheck@0: Error: ENOENT: no such file or directory, open '/opt/discord/resources/bootstrap/discord_spellcheck.zip'
1/14/2025, 10:26:46 PM GMT+3 [Modules] Installing discord_utils@0 from /opt/discord/resources/bootstrap/discord_utils.zip
1/14/2025, 10:26:46 PM GMT+3 [Modules] Failed installing discord_utils@0: Error: ENOENT: no such file or directory, open '/opt/discord/resources/bootstrap/discord_utils.zip'
1/14/2025, 10:26:46 PM GMT+3 [Modules] Installing discord_voice@0 from /opt/discord/resources/bootstrap/discord_voice.zip
1/14/2025, 10:26:46 PM GMT+3 [Modules] Failed installing discord_voice@0: Error: ENOENT: no such file or directory, open '/opt/discord/resources/bootstrap/discord_voice.zip'
1/14/2025, 10:26:46 PM GMT+3 [Modules] Installing discord_zstd@0 from /opt/discord/resources/bootstrap/discord_zstd.zip
1/14/2025, 10:26:46 PM GMT+3 [Modules] Failed installing discord_zstd@0: Error: ENOENT: no such file or directory, open '/opt/discord/resources/bootstrap/discord_zstd.zip'
1/14/2025, 10:26:46 PM GMT+3 [Modules] Finished module installations. [success: 0] [failure: 6]
1/14/2025, 10:26:46 PM GMT+3 [Modules] Checking for host updates.
1/14/2025, 10:26:47 PM GMT+3 [Modules] Host update failed: Error: self signed certificate
1/14/2025, 10:26:57 PM GMT+3 [Modules] Checking for host updates.
1/14/2025, 10:27:06 PM GMT+3 [Modules] Host update failed: Error: self signed certificate
1/14/2025, 10:40:19 PM GMT+3 [Modules] Modules initializing
1/14/2025, 10:40:19 PM GMT+3 [Modules] Distribution: remote
1/14/2025, 10:40:19 PM GMT+3 [Modules] Host updates: enabled
1/14/2025, 10:40:19 PM GMT+3 [Modules] Module updates: enabled
1/14/2025, 10:40:19 PM GMT+3 [Modules] Module install path: /home/burak/.config/discord/0.0.80/modules
1/14/2025, 10:40:19 PM GMT+3 [Modules] Module installed file path: /home/burak/.config/discord/0.0.80/modules/installed.json
1/14/2025, 10:40:19 PM GMT+3 [Modules] Module download path: /home/burak/.config/discord/0.0.80/modules/pending
1/14/2025, 10:40:20 PM GMT+3 [Modules] No updates to install
1/14/2025, 10:40:20 PM GMT+3 [Modules] Checking for host updates.
1/14/2025, 10:40:21 PM GMT+3 [Modules] Host is up to date.
1/14/2025, 10:40:21 PM GMT+3 [Modules] Checking for module updates at https://discord.com/api/modules/stable/versions.json
1/14/2025, 10:40:21 PM GMT+3 [Modules] Module update available: discord_desktop_core@1 [installed: 0]
1/14/2025, 10:40:21 PM GMT+3 [Modules] Module update available: discord_erlpack@1 [installed: 0]
1/14/2025, 10:40:21 PM GMT+3 [Modules] Module update available: discord_spellcheck@1 [installed: 0]
1/14/2025, 10:40:21 PM GMT+3 [Modules] Module update available: discord_utils@1 [installed: 0]
1/14/2025, 10:40:21 PM GMT+3 [Modules] Module update available: discord_voice@1 [installed: 0]
1/14/2025, 10:40:21 PM GMT+3 [Modules] Module update available: discord_zstd@1 [installed: 0]
1/14/2025, 10:40:21 PM GMT+3 [Modules] Fetching discord_desktop_core@1 from https://discord.com/api/modules/stable/discord_desktop_core/1
1/14/2025, 10:40:21 PM GMT+3 [Modules] Streaming discord_desktop_core@1 to /home/burak/.config/discord/0.0.80/modules/pending/discord_desktop_core-1.zip
1/14/2025, 10:40:22 PM GMT+3 [Modules] Streaming discord_desktop_core@1 to /home/burak/.config/discord/0.0.80/modules/pending/discord_desktop_core-1.zip: 1%
1/14/2025, 10:40:22 PM GMT+3 [Modules] Streaming discord_desktop_core@1 to /home/burak/.config/discord/0.0.80/modules/pending/discord_desktop_core-1.zip: 2%
1/14/2025, 10:40:22 PM GMT+3 [Modules] Streaming discord_desktop_core@1 to /home/burak/.config/discord/0.0.80/modules/pending/discord_desktop_core-1.zip: 3%
1/14/2025, 10:40:22 PM GMT+3 [Modules] Streaming discord_desktop_core@1 to /home/burak/.config/discord/0.0.80/modules/pending/discord_desktop_core-1.zip: 4%
1/14/2025, 10:40:22 PM GMT+3 [Modules] Streaming discord_desktop_core@1 to /home/burak/.config/discord/0.0.80/modules/pending/discord_desktop_core-1.zip: 5%
1/14/2025, 10:40:22 PM GMT+3 [Modules] Streaming discord_desktop_core@1 to /home/burak/.config/discord/0.0.80/modules/pending/discord_desktop_core-1.zip: 6%
1/14/2025, 10:40:22 PM GMT+3 [Modules] Streaming discord_desktop_core@1 to /home/burak/.config/discord/0.0.80/modules/pending/discord_desktop_core-1.zip: 7%
1/14/2025, 10:40:22 PM GMT+3 [Modules] Streaming discord_desktop_core@1 to /home/burak/.config/discord/0.0.80/modules/pending/discord_desktop_core-1.zip: 8%
1/14/2025, 10:40:22 PM GMT+3 [Modules] Streaming discord_desktop_core@1 to /home/burak/.config/discord/0.0.80/modules/pending/discord_desktop_core-1.zip: 9%
1/14/2025, 10:40:22 PM GMT+3 [Modules] Streaming discord_desktop_core@1 to /home/burak/.config/discord/0.0.80/modules/pending/discord_desktop_core-1.zip: 10%
1/14/2025, 10:40:22 PM GMT+3 [Modules] Streaming discord_desktop_core@1 to /home/burak/.config/discord/0.0.80/modules/pending/discord_desktop_core-1.zip: 11%
1/14/2025, 10:40:22 PM GMT+3 [Modules] Streaming discord_desktop_core@1 to /home/burak/.config/discord/0.0.80/modules/pending/discord_desktop_core-1.zip: 12%
1/14/2025, 10:40:22 PM GMT+3 [Modules] Streaming discord_desktop_core@1 to /home/burak/.config/discord/0.0.80/modules/pending/discord_desktop_core-1.zip: 15%
1/14/2025, 10:40:22 PM GMT+3 [Modules] Streaming discord_desktop_core@1 to /home/burak/.config/discord/0.0.80/modules/pending/discord_desktop_core-1.zip: 16%
1/14/2025, 10:40:22 PM GMT+3 [Modules] Streaming discord_desktop_core@1 to /home/burak/.config/discord/0.0.80/modules/pending/discord_desktop_core-1.zip: 17%
1/14/2025, 10:40:22 PM GMT+3 [Modules] Streaming discord_desktop_core@1 to /home/burak/.config/discord/0.0.80/modules/pending/discord_desktop_core-1.zip: 18%
1/14/2025, 10:40:22 PM GMT+3 [Modules] Streaming discord_desktop_core@1 to /home/burak/.config/discord/0.0.80/modules/pending/discord_desktop_core-1.zip: 19%
1/14/2025, 10:40:22 PM GMT+3 [Modules] Streaming discord_desktop_core@1 to /home/burak/.config/discord/0.0.80/modules/pending/discord_desktop_core-1.zip: 20%
1/14/2025, 10:40:22 PM GMT+3 [Modules] Streaming discord_desktop_core@1 to /home/burak/.config/discord/0.0.80/modules/pending/discord_desktop_core-1.zip: 21%
1/14/2025, 10:40:22 PM GMT+3 [Modules] Streaming discord_desktop_core@1 to /home/burak/.config/discord/0.0.80/modules/pending/discord_desktop_core-1.zip: 22%
1/14/2025, 10:40:22 PM GMT+3 [Modules] Streaming discord_desktop_core@1 to /home/burak/.config/discord/0.0.80/modules/pending/discord_desktop_core-1.zip: 23%
1/14/2025, 10:40:22 PM GMT+3 [Modules] Streaming discord_desktop_core@1 to /home/burak/.config/discord/0.0.80/modules/pending/discord_desktop_core-1.zip: 24%
1/14/2025, 10:40:22 PM GMT+3 [Modules] Streaming discord_desktop_core@1 to /home/burak/.config/discord/0.0.80/modules/pending/discord_desktop_core-1.zip: 25%
1/14/2025, 10:40:22 PM GMT+3 [Modules] Streaming discord_desktop_core@1 to /home/burak/.config/discord/0.0.80/modules/pending/discord_desktop_core-1.zip: 26%
1/14/2025, 10:40:22 PM GMT+3 [Modules] Streaming discord_desktop_core@1 to /home/burak/.config/discord/0.0.80/modules/pending/discord_desktop_core-1.zip: 27%
1/14/2025, 10:40:22 PM GMT+3 [Modules] Streaming discord_desktop_core@1 to /home/burak/.config/discord/0.0.80/modules/pending/discord_desktop_core-1.zip: 28%
1/14/2025, 10:40:22 PM GMT+3 [Modules] Streaming discord_desktop_core@1 to /home/burak/.config/discord/0.0.80/modules/pending/discord_desktop_core-1.zip: 30%
1/14/2025, 10:40:22 PM GMT+3 [Modules] Streaming discord_desktop_core@1 to /home/burak/.config/discord/0.0.80/modules/pending/discord_desktop_core-1.zip: 32%
1/14/2025, 10:40:22 PM GMT+3 [Modules] Streaming discord_desktop_core@1 to /home/burak/.config/discord/0.0.80/modules/pending/discord_desktop_core-1.zip: 33%
1/14/2025, 10:40:22 PM GMT+3 [Modules] Streaming discord_desktop_core@1 to /home/burak/.config/discord/0.0.80/modules/pending/discord_desktop_core-1.zip: 34%
1/14/2025, 10:40:22 PM GMT+3 [Modules] Streaming discord_desktop_core@1 to /home/burak/.config/discord/0.0.80/modules/pending/discord_desktop_core-1.zip: 36%
1/14/2025, 10:40:22 PM GMT+3 [Modules] Streaming discord_desktop_core@1 to /home/burak/.config/discord/0.0.80/modules/pending/discord_desktop_core-1.zip: 38%
1/14/2025, 10:40:22 PM GMT+3 [Modules] Streaming discord_desktop_core@1 to /home/burak/.config/discord/0.0.80/modules/pending/discord_desktop_core-1.zip: 40%
1/14/2025, 10:40:22 PM GMT+3 [Modules] Streaming discord_desktop_core@1 to /home/burak/.config/discord/0.0.80/modules/pending/discord_desktop_core-1.zip: 41%
1/14/2025, 10:40:22 PM GMT+3 [Modules] Streaming discord_desktop_core@1 to /home/burak/.config/discord/0.0.80/modules/pending/discord_desktop_core-1.zip: 42%
1/14/2025, 10:40:22 PM GMT+3 [Modules] Streaming discord_desktop_core@1 to /home/burak/.config/discord/0.0.80/modules/pending/discord_desktop_core-1.zip: 43%
1/14/2025, 10:40:22 PM GMT+3 [Modules] Streaming discord_desktop_core@1 to /home/burak/.config/discord/0.0.80/modules/pending/discord_desktop_core-1.zip: 45%
1/14/2025, 10:40:22 PM GMT+3 [Modules] Streaming discord_desktop_core@1 to /home/burak/.config/discord/0.0.80/modules/pending/discord_desktop_core-1.zip: 46%
1/14/2025, 10:40:22 PM GMT+3 [Modules] Streaming discord_desktop_core@1 to /home/burak/.config/discord/0.0.80/modules/pending/discord_desktop_core-1.zip: 49%
1/14/2025, 10:40:22 PM GMT+3 [Modules] Streaming discord_desktop_core@1 to /home/burak/.config/discord/0.0.80/modules/pending/discord_desktop_core-1.zip: 50%
1/14/2025, 10:40:22 PM GMT+3 [Modules] Streaming discord_desktop_core@1 to /home/burak/.config/discord/0.0.80/modules/pending/discord_desktop_core-1.zip: 51%
1/14/2025, 10:40:22 PM GMT+3 [Modules] Streaming discord_desktop_core@1 to /home/burak/.config/discord/0.0.80/modules/pending/discord_desktop_core-1.zip: 52%
1/14/2025, 10:40:22 PM GMT+3 [Modules] Streaming discord_desktop_core@1 to /home/burak/.config/discord/0.0.80/modules/pending/discord_desktop_core-1.zip: 53%
1/14/2025, 10:40:22 PM GMT+3 [Modules] Streaming discord_desktop_core@1 to /home/burak/.config/discord/0.0.80/modules/pending/discord_desktop_core-1.zip: 54%
1/14/2025, 10:40:22 PM GMT+3 [Modules] Streaming discord_desktop_core@1 to /home/burak/.config/discord/0.0.80/modules/pending/discord_desktop_core-1.zip: 55%
1/14/2025, 10:40:22 PM GMT+3 [Modules] Streaming discord_desktop_core@1 to /home/burak/.config/discord/0.0.80/modules/pending/discord_desktop_core-1.zip: 56%
1/14/2025, 10:40:22 PM GMT+3 [Modules] Streaming discord_desktop_core@1 to /home/burak/.config/discord/0.0.80/modules/pending/discord_desktop_core-1.zip: 61%
1/14/2025, 10:40:22 PM GMT+3 [Modules] Streaming discord_desktop_core@1 to /home/burak/.config/discord/0.0.80/modules/pending/discord_desktop_core-1.zip: 62%
1/14/2025, 10:40:22 PM GMT+3 [Modules] Streaming discord_desktop_core@1 to /home/burak/.config/discord/0.0.80/modules/pending/discord_desktop_core-1.zip: 63%
1/14/2025, 10:40:22 PM GMT+3 [Modules] Streaming discord_desktop_core@1 to /home/burak/.config/discord/0.0.80/modules/pending/discord_desktop_core-1.zip: 64%
1/14/2025, 10:40:22 PM GMT+3 [Modules] Streaming discord_desktop_core@1 to /home/burak/.config/discord/0.0.80/modules/pending/discord_desktop_core-1.zip: 65%
1/14/2025, 10:40:22 PM GMT+3 [Modules] Streaming discord_desktop_core@1 to /home/burak/.config/discord/0.0.80/modules/pending/discord_desktop_core-1.zip: 67%
1/14/2025, 10:40:22 PM GMT+3 [Modules] Streaming discord_desktop_core@1 to /home/burak/.config/discord/0.0.80/modules/pending/discord_desktop_core-1.zip: 68%
1/14/2025, 10:40:22 PM GMT+3 [Modules] Streaming discord_desktop_core@1 to /home/burak/.config/discord/0.0.80/modules/pending/discord_desktop_core-1.zip: 69%
1/14/2025, 10:40:22 PM GMT+3 [Modules] Streaming discord_desktop_core@1 to /home/burak/.config/discord/0.0.80/modules/pending/discord_desktop_core-1.zip: 70%
1/14/2025, 10:40:22 PM GMT+3 [Modules] Streaming discord_desktop_core@1 to /home/burak/.config/discord/0.0.80/modules/pending/discord_desktop_core-1.zip: 71%
1/14/2025, 10:40:22 PM GMT+3 [Modules] Streaming discord_desktop_core@1 to /home/burak/.config/discord/0.0.80/modules/pending/discord_desktop_core-1.zip: 73%
1/14/2025, 10:40:22 PM GMT+3 [Modules] Streaming discord_desktop_core@1 to /home/burak/.config/discord/0.0.80/modules/pending/discord_desktop_core-1.zip: 74%
1/14/2025, 10:40:22 PM GMT+3 [Modules] Streaming discord_desktop_core@1 to /home/burak/.config/discord/0.0.80/modules/pending/discord_desktop_core-1.zip: 75%
1/14/2025, 10:40:22 PM GMT+3 [Modules] Streaming discord_desktop_core@1 to /home/burak/.config/discord/0.0.80/modules/pending/discord_desktop_core-1.zip: 78%
1/14/2025, 10:40:22 PM GMT+3 [Modules] Streaming discord_desktop_core@1 to /home/burak/.config/discord/0.0.80/modules/pending/discord_desktop_core-1.zip: 82%
1/14/2025, 10:40:22 PM GMT+3 [Modules] Streaming discord_desktop_core@1 to /home/burak/.config/discord/0.0.80/modules/pending/discord_desktop_core-1.zip: 92%
1/14/2025, 10:40:22 PM GMT+3 [Modules] Streaming discord_desktop_core@1 to /home/burak/.config/discord/0.0.80/modules/pending/discord_desktop_core-1.zip: 94%
1/14/2025, 10:40:22 PM GMT+3 [Modules] Streaming discord_desktop_core@1 to /home/burak/.config/discord/0.0.80/modules/pending/discord_desktop_core-1.zip: 95%
1/14/2025, 10:40:22 PM GMT+3 [Modules] Streaming discord_desktop_core@1 to /home/burak/.config/discord/0.0.80/modules/pending/discord_desktop_core-1.zip: 98%
1/14/2025, 10:40:22 PM GMT+3 [Modules] Streaming discord_desktop_core@1 to /home/burak/.config/discord/0.0.80/modules/pending/discord_desktop_core-1.zip: 100%
1/14/2025, 10:40:22 PM GMT+3 [Modules] Fetching discord_erlpack@1 from https://discord.com/api/modules/stable/discord_erlpack/1
1/14/2025, 10:40:22 PM GMT+3 [Modules] Streaming discord_erlpack@1 to /home/burak/.config/discord/0.0.80/modules/pending/discord_erlpack-1.zip
1/14/2025, 10:40:23 PM GMT+3 [Modules] Streaming discord_erlpack@1 to /home/burak/.config/discord/0.0.80/modules/pending/discord_erlpack-1.zip: 2%
1/14/2025, 10:40:23 PM GMT+3 [Modules] Streaming discord_erlpack@1 to /home/burak/.config/discord/0.0.80/modules/pending/discord_erlpack-1.zip: 3%
1/14/2025, 10:40:23 PM GMT+3 [Modules] Streaming discord_erlpack@1 to /home/burak/.config/discord/0.0.80/modules/pending/discord_erlpack-1.zip: 4%
1/14/2025, 10:40:23 PM GMT+3 [Modules] Streaming discord_erlpack@1 to /home/burak/.config/discord/0.0.80/modules/pending/discord_erlpack-1.zip: 5%
1/14/2025, 10:40:23 PM GMT+3 [Modules] Streaming discord_erlpack@1 to /home/burak/.config/discord/0.0.80/modules/pending/discord_erlpack-1.zip: 6%
1/14/2025, 10:40:23 PM GMT+3 [Modules] Streaming discord_erlpack@1 to /home/burak/.config/discord/0.0.80/modules/pending/discord_erlpack-1.zip: 7%
1/14/2025, 10:40:23 PM GMT+3 [Modules] Streaming discord_erlpack@1 to /home/burak/.config/discord/0.0.80/modules/pending/discord_erlpack-1.zip: 8%
1/14/2025, 10:40:23 PM GMT+3 [Modules] Streaming discord_erlpack@1 to /home/burak/.config/discord/0.0.80/modules/pending/discord_erlpack-1.zip: 9%
1/14/2025, 10:40:23 PM GMT+3 [Modules] Streaming discord_erlpack@1 to /home/burak/.config/discord/0.0.80/modules/pending/discord_erlpack-1.zip: 11%
1/14/2025, 10:40:23 PM GMT+3 [Modules] Streaming discord_erlpack@1 to /home/burak/.config/discord/0.0.80/modules/pending/discord_erlpack-1.zip: 12%
1/14/2025, 10:40:23 PM GMT+3 [Modules] Streaming discord_erlpack@1 to /home/burak/.config/discord/0.0.80/modules/pending/discord_erlpack-1.zip: 14%
1/14/2025, 10:40:23 PM GMT+3 [Modules] Streaming discord_erlpack@1 to /home/burak/.config/discord/0.0.80/modules/pending/discord_erlpack-1.zip: 15%
1/14/2025, 10:40:23 PM GMT+3 [Modules] Streaming discord_erlpack@1 to /home/burak/.config/discord/0.0.80/modules/pending/discord_erlpack-1.zip: 16%
1/14/2025, 10:40:23 PM GMT+3 [Modules] Streaming discord_erlpack@1 to /home/burak/.config/discord/0.0.80/modules/pending/discord_erlpack-1.zip: 17%
1/14/2025, 10:40:23 PM GMT+3 [Modules] Streaming discord_erlpack@1 to /home/burak/.config/discord/0.0.80/modules/pending/discord_erlpack-1.zip: 18%
1/14/2025, 10:40:23 PM GMT+3 [Modules] Streaming discord_erlpack@1 to /home/burak/.config/discord/0.0.80/modules/pending/discord_erlpack-1.zip: 19%
1/14/2025, 10:40:23 PM GMT+3 [Modules] Streaming discord_erlpack@1 to /home/burak/.config/discord/0.0.80/modules/pending/discord_erlpack-1.zip: 20%
1/14/2025, 10:40:23 PM GMT+3 [Modules] Streaming discord_erlpack@1 to /home/burak/.config/discord/0.0.80/modules/pending/discord_erlpack-1.zip: 21%
1/14/2025, 10:40:23 PM GMT+3 [Modules] Streaming discord_erlpack@1 to /home/burak/.config/discord/0.0.80/modules/pending/discord_erlpack-1.zip: 22%
1/14/2025, 10:40:23 PM GMT+3 [Modules] Streaming discord_erlpack@1 to /home/burak/.config/discord/0.0.80/modules/pending/discord_erlpack-1.zip: 23%
1/14/2025, 10:40:23 PM GMT+3 [Modules] Streaming discord_erlpack@1 to /home/burak/.config/discord/0.0.80/modules/pending/discord_erlpack-1.zip: 24%
1/14/2025, 10:40:23 PM GMT+3 [Modules] Streaming discord_erlpack@1 to /home/burak/.config/discord/0.0.80/modules/pending/discord_erlpack-1.zip: 25%
1/14/2025, 10:40:23 PM GMT+3 [Modules] Streaming discord_erlpack@1 to /home/burak/.config/discord/0.0.80/modules/pending/discord_erlpack-1.zip: 26%
1/14/2025, 10:40:23 PM GMT+3 [Modules] Streaming discord_erlpack@1 to /home/burak/.config/discord/0.0.80/modules/pending/discord_erlpack-1.zip: 27%
1/14/2025, 10:40:23 PM GMT+3 [Modules] Streaming discord_erlpack@1 to /home/burak/.config/discord/0.0.80/modules/pending/discord_erlpack-1.zip: 28%
1/14/2025, 10:40:23 PM GMT+3 [Modules] Streaming discord_erlpack@1 to /home/burak/.config/discord/0.0.80/modules/pending/discord_erlpack-1.zip: 29%
1/14/2025, 10:40:23 PM GMT+3 [Modules] Streaming discord_erlpack@1 to /home/burak/.config/discord/0.0.80/modules/pending/discord_erlpack-1.zip: 30%
1/14/2025, 10:40:23 PM GMT+3 [Modules] Streaming discord_erlpack@1 to /home/burak/.config/discord/0.0.80/modules/pending/discord_erlpack-1.zip: 31%
1/14/2025, 10:40:23 PM GMT+3 [Modules] Streaming discord_erlpack@1 to /home/burak/.config/discord/0.0.80/modules/pending/discord_erlpack-1.zip: 32%
1/14/2025, 10:40:23 PM GMT+3 [Modules] Streaming discord_erlpack@1 to /home/burak/.config/discord/0.0.80/modules/pending/discord_erlpack-1.zip: 33%
1/14/2025, 10:40:23 PM GMT+3 [Modules] Streaming discord_erlpack@1 to /home/burak/.config/discord/0.0.80/modules/pending/discord_erlpack-1.zip: 40%
1/14/2025, 10:40:23 PM GMT+3 [Modules] Streaming discord_erlpack@1 to /home/burak/.config/discord/0.0.80/modules/pending/discord_erlpack-1.zip: 52%
1/14/2025, 10:40:23 PM GMT+3 [Modules] Streaming discord_erlpack@1 to /home/burak/.config/discord/0.0.80/modules/pending/discord_erlpack-1.zip: 53%
1/14/2025, 10:40:23 PM GMT+3 [Modules] Streaming discord_erlpack@1 to /home/burak/.config/discord/0.0.80/modules/pending/discord_erlpack-1.zip: 54%
1/14/2025, 10:40:23 PM GMT+3 [Modules] Streaming discord_erlpack@1 to /home/burak/.config/discord/0.0.80/modules/pending/discord_erlpack-1.zip: 57%
1/14/2025, 10:40:23 PM GMT+3 [Modules] Streaming discord_erlpack@1 to /home/burak/.config/discord/0.0.80/modules/pending/discord_erlpack-1.zip: 67%
1/14/2025, 10:40:23 PM GMT+3 [Modules] Streaming discord_erlpack@1 to /home/burak/.config/discord/0.0.80/modules/pending/discord_erlpack-1.zip: 96%
1/14/2025, 10:40:23 PM GMT+3 [Modules] Streaming discord_erlpack@1 to /home/burak/.config/discord/0.0.80/modules/pending/discord_erlpack-1.zip: 100%
1/14/2025, 10:40:23 PM GMT+3 [Modules] Fetching discord_spellcheck@1 from https://discord.com/api/modules/stable/discord_spellcheck/1
1/14/2025, 10:40:23 PM GMT+3 [Modules] Streaming discord_spellcheck@1 to /home/burak/.config/discord/0.0.80/modules/pending/discord_spellcheck-1.zip
1/14/2025, 10:40:24 PM GMT+3 [Modules] Streaming discord_spellcheck@1 to /home/burak/.config/discord/0.0.80/modules/pending/discord_spellcheck-1.zip: 1%
1/14/2025, 10:40:24 PM GMT+3 [Modules] Streaming discord_spellcheck@1 to /home/burak/.config/discord/0.0.80/modules/pending/discord_spellcheck-1.zip: 2%
1/14/2025, 10:40:24 PM GMT+3 [Modules] Streaming discord_spellcheck@1 to /home/burak/.config/discord/0.0.80/modules/pending/discord_spellcheck-1.zip: 3%
1/14/2025, 10:40:24 PM GMT+3 [Modules] Streaming discord_spellcheck@1 to /home/burak/.config/discord/0.0.80/modules/pending/discord_spellcheck-1.zip: 4%
1/14/2025, 10:40:24 PM GMT+3 [Modules] Streaming discord_spellcheck@1 to /home/burak/.config/discord/0.0.80/modules/pending/discord_spellcheck-1.zip: 5%
1/14/2025, 10:40:24 PM GMT+3 [Modules] Streaming discord_spellcheck@1 to /home/burak/.config/discord/0.0.80/modules/pending/discord_spellcheck-1.zip: 6%
1/14/2025, 10:40:25 PM GMT+3 [Modules] Streaming discord_spellcheck@1 to /home/burak/.config/discord/0.0.80/modules/pending/discord_spellcheck-1.zip: 7%
1/14/2025, 10:40:25 PM GMT+3 [Modules] Streaming discord_spellcheck@1 to /home/burak/.config/discord/0.0.80/modules/pending/discord_spellcheck-1.zip: 9%
1/14/2025, 10:40:25 PM GMT+3 [Modules] Streaming discord_spellcheck@1 to /home/burak/.config/discord/0.0.80/modules/pending/discord_spellcheck-1.zip: 10%
1/14/2025, 10:40:25 PM GMT+3 [Modules] Streaming discord_spellcheck@1 to /home/burak/.config/discord/0.0.80/modules/pending/discord_spellcheck-1.zip: 11%
1/14/2025, 10:40:25 PM GMT+3 [Modules] Streaming discord_spellcheck@1 to /home/burak/.config/discord/0.0.80/modules/pending/discord_spellcheck-1.zip: 12%
1/14/2025, 10:40:25 PM GMT+3 [Modules] Streaming discord_spellcheck@1 to /home/burak/.config/discord/0.0.80/modules/pending/discord_spellcheck-1.zip: 13%
1/14/2025, 10:40:25 PM GMT+3 [Modules] Streaming discord_spellcheck@1 to /home/burak/.config/discord/0.0.80/modules/pending/discord_spellcheck-1.zip: 14%
1/14/2025, 10:40:25 PM GMT+3 [Modules] Streaming discord_spellcheck@1 to /home/burak/.config/discord/0.0.80/modules/pending/discord_spellcheck-1.zip: 15%
1/14/2025, 10:40:25 PM GMT+3 [Modules] Streaming discord_spellcheck@1 to /home/burak/.config/discord/0.0.80/modules/pending/discord_spellcheck-1.zip: 16%
1/14/2025, 10:40:25 PM GMT+3 [Modules] Streaming discord_spellcheck@1 to /home/burak/.config/discord/0.0.80/modules/pending/discord_spellcheck-1.zip: 17%
1/14/2025, 10:40:25 PM GMT+3 [Modules] Streaming discord_spellcheck@1 to /home/burak/.config/discord/0.0.80/modules/pending/discord_spellcheck-1.zip: 18%
1/14/2025, 10:40:25 PM GMT+3 [Modules] Streaming discord_spellcheck@1 to /home/burak/.config/discord/0.0.80/modules/pending/discord_spellcheck-1.zip: 19%
1/14/2025, 10:40:25 PM GMT+3 [Modules] Streaming discord_spellcheck@1 to /home/burak/.config/discord/0.0.80/modules/pending/discord_spellcheck-1.zip: 20%
1/14/2025, 10:40:25 PM GMT+3 [Modules] Streaming discord_spellcheck@1 to /home/burak/.config/discord/0.0.80/modules/pending/discord_spellcheck-1.zip: 21%
1/14/2025, 10:40:25 PM GMT+3 [Modules] Streaming discord_spellcheck@1 to /home/burak/.config/discord/0.0.80/modules/pending/discord_spellcheck-1.zip: 22%
1/14/2025, 10:40:26 PM GMT+3 [Modules] Streaming discord_spellcheck@1 to /home/burak/.config/discord/0.0.80/modules/pending/discord_spellcheck-1.zip: 23%
1/14/2025, 10:40:26 PM GMT+3 [Modules] Streaming discord_spellcheck@1 to /home/burak/.config/discord/0.0.80/modules/pending/discord_spellcheck-1.zip: 24%
1/14/2025, 10:40:26 PM GMT+3 [Modules] Streaming discord_spellcheck@1 to /home/burak/.config/discord/0.0.80/modules/pending/discord_spellcheck-1.zip: 26%
1/14/2025, 10:40:26 PM GMT+3 [Modules] Streaming discord_spellcheck@1 to /home/burak/.config/discord/0.0.80/modules/pending/discord_spellcheck-1.zip: 27%
1/14/2025, 10:40:26 PM GMT+3 [Modules] Streaming discord_spellcheck@1 to /home/burak/.config/discord/0.0.80/modules/pending/discord_spellcheck-1.zip: 29%
1/14/2025, 10:40:26 PM GMT+3 [Modules] Streaming discord_spellcheck@1 to /home/burak/.config/discord/0.0.80/modules/pending/discord_spellcheck-1.zip: 30%
1/14/2025, 10:40:26 PM GMT+3 [Modules] Streaming discord_spellcheck@1 to /home/burak/.config/discord/0.0.80/modules/pending/discord_spellcheck-1.zip: 32%
1/14/2025, 10:40:26 PM GMT+3 [Modules] Streaming discord_spellcheck@1 to /home/burak/.config/discord/0.0.80/modules/pending/discord_spellcheck-1.zip: 33%
1/14/2025, 10:40:26 PM GMT+3 [Modules] Streaming discord_spellcheck@1 to /home/burak/.config/discord/0.0.80/modules/pending/discord_spellcheck-1.zip: 34%
1/14/2025, 10:40:26 PM GMT+3 [Modules] Streaming discord_spellcheck@1 to /home/burak/.config/discord/0.0.80/modules/pending/discord_spellcheck-1.zip: 35%
1/14/2025, 10:40:26 PM GMT+3 [Modules] Streaming discord_spellcheck@1 to /home/burak/.config/discord/0.0.80/modules/pending/discord_spellcheck-1.zip: 36%
1/14/2025, 10:40:26 PM GMT+3 [Modules] Streaming discord_spellcheck@1 to /home/burak/.config/discord/0.0.80/modules/pending/discord_spellcheck-1.zip: 37%
1/14/2025, 10:40:26 PM GMT+3 [Modules] Streaming discord_spellcheck@1 to /home/burak/.config/discord/0.0.80/modules/pending/discord_spellcheck-1.zip: 40%
1/14/2025, 10:40:26 PM GMT+3 [Modules] Streaming discord_spellcheck@1 to /home/burak/.config/discord/0.0.80/modules/pending/discord_spellcheck-1.zip: 41%
1/14/2025, 10:40:26 PM GMT+3 [Modules] Streaming discord_spellcheck@1 to /home/burak/.config/discord/0.0.80/modules/pending/discord_spellcheck-1.zip: 43%
1/14/2025, 10:40:26 PM GMT+3 [Modules] Streaming discord_spellcheck@1 to /home/burak/.config/discord/0.0.80/modules/pending/discord_spellcheck-1.zip: 44%
1/14/2025, 10:40:26 PM GMT+3 [Modules] Streaming discord_spellcheck@1 to /home/burak/.config/discord/0.0.80/modules/pending/discord_spellcheck-1.zip: 45%
1/14/2025, 10:40:26 PM GMT+3 [Modules] Streaming discord_spellcheck@1 to /home/burak/.config/discord/0.0.80/modules/pending/discord_spellcheck-1.zip: 46%
1/14/2025, 10:40:27 PM GMT+3 [Modules] Streaming discord_spellcheck@1 to /home/burak/.config/discord/0.0.80/modules/pending/discord_spellcheck-1.zip: 47%
1/14/2025, 10:40:27 PM GMT+3 [Modules] Streaming discord_spellcheck@1 to /home/burak/.config/discord/0.0.80/modules/pending/discord_spellcheck-1.zip: 48%
1/14/2025, 10:40:27 PM GMT+3 [Modules] Streaming discord_spellcheck@1 to /home/burak/.config/discord/0.0.80/modules/pending/discord_spellcheck-1.zip: 51%
1/14/2025, 10:40:27 PM GMT+3 [Modules] Streaming discord_spellcheck@1 to /home/burak/.config/discord/0.0.80/modules/pending/discord_spellcheck-1.zip: 52%
1/14/2025, 10:40:27 PM GMT+3 [Modules] Streaming discord_spellcheck@1 to /home/burak/.config/discord/0.0.80/modules/pending/discord_spellcheck-1.zip: 53%
1/14/2025, 10:40:27 PM GMT+3 [Modules] Streaming discord_spellcheck@1 to /home/burak/.config/discord/0.0.80/modules/pending/discord_spellcheck-1.zip: 54%
1/14/2025, 10:40:27 PM GMT+3 [Modules] Streaming discord_spellcheck@1 to /home/burak/.config/discord/0.0.80/modules/pending/discord_spellcheck-1.zip: 55%
1/14/2025, 10:40:27 PM GMT+3 [Modules] Streaming discord_spellcheck@1 to /home/burak/.config/discord/0.0.80/modules/pending/discord_spellcheck-1.zip: 56%
1/14/2025, 10:40:27 PM GMT+3 [Modules] Streaming discord_spellcheck@1 to /home/burak/.config/discord/0.0.80/modules/pending/discord_spellcheck-1.zip: 57%
1/14/2025, 10:40:27 PM GMT+3 [Modules] Streaming discord_spellcheck@1 to /home/burak/.config/discord/0.0.80/modules/pending/discord_spellcheck-1.zip: 58%
1/14/2025, 10:40:27 PM GMT+3 [Modules] Streaming discord_spellcheck@1 to /home/burak/.config/discord/0.0.80/modules/pending/discord_spellcheck-1.zip: 59%
1/14/2025, 10:40:27 PM GMT+3 [Modules] Streaming discord_spellcheck@1 to /home/burak/.config/discord/0.0.80/modules/pending/discord_spellcheck-1.zip: 60%
1/14/2025, 10:40:27 PM GMT+3 [Modules] Streaming discord_spellcheck@1 to /home/burak/.config/discord/0.0.80/modules/pending/discord_spellcheck-1.zip: 62%
1/14/2025, 10:40:27 PM GMT+3 [Modules] Streaming discord_spellcheck@1 to /home/burak/.config/discord/0.0.80/modules/pending/discord_spellcheck-1.zip: 64%
1/14/2025, 10:40:27 PM GMT+3 [Modules] Streaming discord_spellcheck@1 to /home/burak/.config/discord/0.0.80/modules/pending/discord_spellcheck-1.zip: 66%
1/14/2025, 10:40:27 PM GMT+3 [Modules] Streaming discord_spellcheck@1 to /home/burak/.config/discord/0.0.80/modules/pending/discord_spellcheck-1.zip: 67%
1/14/2025, 10:40:27 PM GMT+3 [Modules] Streaming discord_spellcheck@1 to /home/burak/.config/discord/0.0.80/modules/pending/discord_spellcheck-1.zip: 68%
1/14/2025, 10:40:27 PM GMT+3 [Modules] Streaming discord_spellcheck@1 to /home/burak/.config/discord/0.0.80/modules/pending/discord_spellcheck-1.zip: 69%
1/14/2025, 10:40:27 PM GMT+3 [Modules] Streaming discord_spellcheck@1 to /home/burak/.config/discord/0.0.80/modules/pending/discord_spellcheck-1.zip: 70%
1/14/2025, 10:40:27 PM GMT+3 [Modules] Streaming discord_spellcheck@1 to /home/burak/.config/discord/0.0.80/modules/pending/discord_spellcheck-1.zip: 73%
1/14/2025, 10:40:28 PM GMT+3 [Modules] Streaming discord_spellcheck@1 to /home/burak/.config/discord/0.0.80/modules/pending/discord_spellcheck-1.zip: 74%
1/14/2025, 10:40:28 PM GMT+3 [Modules] Streaming discord_spellcheck@1 to /home/burak/.config/discord/0.0.80/modules/pending/discord_spellcheck-1.zip: 76%
1/14/2025, 10:40:28 PM GMT+3 [Modules] Streaming discord_spellcheck@1 to /home/burak/.config/discord/0.0.80/modules/pending/discord_spellcheck-1.zip: 77%
1/14/2025, 10:40:28 PM GMT+3 [Modules] Streaming discord_spellcheck@1 to /home/burak/.config/discord/0.0.80/modules/pending/discord_spellcheck-1.zip: 78%
1/14/2025, 10:40:28 PM GMT+3 [Modules] Streaming discord_spellcheck@1 to /home/burak/.config/discord/0.0.80/modules/pending/discord_spellcheck-1.zip: 79%
1/14/2025, 10:40:28 PM GMT+3 [Modules] Streaming discord_spellcheck@1 to /home/burak/.config/discord/0.0.80/modules/pending/discord_spellcheck-1.zip: 80%
1/14/2025, 10:40:28 PM GMT+3 [Modules] Streaming discord_spellcheck@1 to /home/burak/.config/discord/0.0.80/modules/pending/discord_spellcheck-1.zip: 81%
1/14/2025, 10:40:28 PM GMT+3 [Modules] Streaming discord_spellcheck@1 to /home/burak/.config/discord/0.0.80/modules/pending/discord_spellcheck-1.zip: 82%
1/14/2025, 10:40:28 PM GMT+3 [Modules] Streaming discord_spellcheck@1 to /home/burak/.config/discord/0.0.80/modules/pending/discord_spellcheck-1.zip: 83%
1/14/2025, 10:40:28 PM GMT+3 [Modules] Streaming discord_spellcheck@1 to /home/burak/.config/discord/0.0.80/modules/pending/discord_spellcheck-1.zip: 84%
1/14/2025, 10:40:28 PM GMT+3 [Modules] Streaming discord_spellcheck@1 to /home/burak/.config/discord/0.0.80/modules/pending/discord_spellcheck-1.zip: 85%
1/14/2025, 10:40:28 PM GMT+3 [Modules] Streaming discord_spellcheck@1 to /home/burak/.config/discord/0.0.80/modules/pending/discord_spellcheck-1.zip: 86%
1/14/2025, 10:40:28 PM GMT+3 [Modules] Streaming discord_spellcheck@1 to /home/burak/.config/discord/0.0.80/modules/pending/discord_spellcheck-1.zip: 89%
1/14/2025, 10:40:28 PM GMT+3 [Modules] Streaming discord_spellcheck@1 to /home/burak/.config/discord/0.0.80/modules/pending/discord_spellcheck-1.zip: 93%
1/14/2025, 10:40:28 PM GMT+3 [Modules] Streaming discord_spellcheck@1 to /home/burak/.config/discord/0.0.80/modules/pending/discord_spellcheck-1.zip: 94%
1/14/2025, 10:40:28 PM GMT+3 [Modules] Streaming discord_spellcheck@1 to /home/burak/.config/discord/0.0.80/modules/pending/discord_spellcheck-1.zip: 95%
1/14/2025, 10:40:28 PM GMT+3 [Modules] Streaming discord_spellcheck@1 to /home/burak/.config/discord/0.0.80/modules/pending/discord_spellcheck-1.zip: 96%
1/14/2025, 10:40:28 PM GMT+3 [Modules] Streaming discord_spellcheck@1 to /home/burak/.config/discord/0.0.80/modules/pending/discord_spellcheck-1.zip: 99%
1/14/2025, 10:40:28 PM GMT+3 [Modules] Streaming discord_spellcheck@1 to /home/burak/.config/discord/0.0.80/modules/pending/discord_spellcheck-1.zip: 100%
1/14/2025, 10:40:28 PM GMT+3 [Modules] Fetching discord_utils@1 from https://discord.com/api/modules/stable/discord_utils/1
1/14/2025, 10:40:28 PM GMT+3 [Modules] Streaming discord_utils@1 to /home/burak/.config/discord/0.0.80/modules/pending/discord_utils-1.zip
1/14/2025, 10:40:29 PM GMT+3 [Modules] Streaming discord_utils@1 to /home/burak/.config/discord/0.0.80/modules/pending/discord_utils-1.zip: 2%
1/14/2025, 10:40:29 PM GMT+3 [Modules] Streaming discord_utils@1 to /home/burak/.config/discord/0.0.80/modules/pending/discord_utils-1.zip: 3%
1/14/2025, 10:40:29 PM GMT+3 [Modules] Streaming discord_utils@1 to /home/burak/.config/discord/0.0.80/modules/pending/discord_utils-1.zip: 5%
1/14/2025, 10:40:29 PM GMT+3 [Modules] Streaming discord_utils@1 to /home/burak/.config/discord/0.0.80/modules/pending/discord_utils-1.zip: 6%
1/14/2025, 10:40:29 PM GMT+3 [Modules] Streaming discord_utils@1 to /home/burak/.config/discord/0.0.80/modules/pending/discord_utils-1.zip: 8%
1/14/2025, 10:40:29 PM GMT+3 [Modules] Streaming discord_utils@1 to /home/burak/.config/discord/0.0.80/modules/pending/discord_utils-1.zip: 15%
1/14/2025, 10:40:29 PM GMT+3 [Modules] Streaming discord_utils@1 to /home/burak/.config/discord/0.0.80/modules/pending/discord_utils-1.zip: 16%
1/14/2025, 10:40:29 PM GMT+3 [Modules] Streaming discord_utils@1 to /home/burak/.config/discord/0.0.80/modules/pending/discord_utils-1.zip: 17%
1/14/2025, 10:40:29 PM GMT+3 [Modules] Streaming discord_utils@1 to /home/burak/.config/discord/0.0.80/modules/pending/discord_utils-1.zip: 18%
1/14/2025, 10:40:29 PM GMT+3 [Modules] Streaming discord_utils@1 to /home/burak/.config/discord/0.0.80/modules/pending/discord_utils-1.zip: 19%
1/14/2025, 10:40:29 PM GMT+3 [Modules] Streaming discord_utils@1 to /home/burak/.config/discord/0.0.80/modules/pending/discord_utils-1.zip: 20%
1/14/2025, 10:40:29 PM GMT+3 [Modules] Streaming discord_utils@1 to /home/burak/.config/discord/0.0.80/modules/pending/discord_utils-1.zip: 21%
1/14/2025, 10:40:29 PM GMT+3 [Modules] Streaming discord_utils@1 to /home/burak/.config/discord/0.0.80/modules/pending/discord_utils-1.zip: 22%
1/14/2025, 10:40:29 PM GMT+3 [Modules] Streaming discord_utils@1 to /home/burak/.config/discord/0.0.80/modules/pending/discord_utils-1.zip: 23%
1/14/2025, 10:40:29 PM GMT+3 [Modules] Streaming discord_utils@1 to /home/burak/.config/discord/0.0.80/modules/pending/discord_utils-1.zip: 24%
1/14/2025, 10:40:29 PM GMT+3 [Modules] Streaming discord_utils@1 to /home/burak/.config/discord/0.0.80/modules/pending/discord_utils-1.zip: 25%
1/14/2025, 10:40:29 PM GMT+3 [Modules] Streaming discord_utils@1 to /home/burak/.config/discord/0.0.80/modules/pending/discord_utils-1.zip: 26%
1/14/2025, 10:40:29 PM GMT+3 [Modules] Streaming discord_utils@1 to /home/burak/.config/discord/0.0.80/modules/pending/discord_utils-1.zip: 27%
1/14/2025, 10:40:29 PM GMT+3 [Modules] Streaming discord_utils@1 to /home/burak/.config/discord/0.0.80/modules/pending/discord_utils-1.zip: 28%
1/14/2025, 10:40:29 PM GMT+3 [Modules] Streaming discord_utils@1 to /home/burak/.config/discord/0.0.80/modules/pending/discord_utils-1.zip: 29%
1/14/2025, 10:40:29 PM GMT+3 [Modules] Streaming discord_utils@1 to /home/burak/.config/discord/0.0.80/modules/pending/discord_utils-1.zip: 30%
1/14/2025, 10:40:29 PM GMT+3 [Modules] Streaming discord_utils@1 to /home/burak/.config/discord/0.0.80/modules/pending/discord_utils-1.zip: 31%
1/14/2025, 10:40:29 PM GMT+3 [Modules] Streaming discord_utils@1 to /home/burak/.config/discord/0.0.80/modules/pending/discord_utils-1.zip: 32%
1/14/2025, 10:40:29 PM GMT+3 [Modules] Streaming discord_utils@1 to /home/burak/.config/discord/0.0.80/modules/pending/discord_utils-1.zip: 33%
1/14/2025, 10:40:29 PM GMT+3 [Modules] Streaming discord_utils@1 to /home/burak/.config/discord/0.0.80/modules/pending/discord_utils-1.zip: 34%
1/14/2025, 10:40:29 PM GMT+3 [Modules] Streaming discord_utils@1 to /home/burak/.config/discord/0.0.80/modules/pending/discord_utils-1.zip: 36%
1/14/2025, 10:40:29 PM GMT+3 [Modules] Streaming discord_utils@1 to /home/burak/.config/discord/0.0.80/modules/pending/discord_utils-1.zip: 38%
1/14/2025, 10:40:29 PM GMT+3 [Modules] Streaming discord_utils@1 to /home/burak/.config/discord/0.0.80/modules/pending/discord_utils-1.zip: 39%
1/14/2025, 10:40:29 PM GMT+3 [Modules] Streaming discord_utils@1 to /home/burak/.config/discord/0.0.80/modules/pending/discord_utils-1.zip: 40%
1/14/2025, 10:40:29 PM GMT+3 [Modules] Streaming discord_utils@1 to /home/burak/.config/discord/0.0.80/modules/pending/discord_utils-1.zip: 42%
1/14/2025, 10:40:29 PM GMT+3 [Modules] Streaming discord_utils@1 to /home/burak/.config/discord/0.0.80/modules/pending/discord_utils-1.zip: 44%
1/14/2025, 10:40:29 PM GMT+3 [Modules] Streaming discord_utils@1 to /home/burak/.config/discord/0.0.80/modules/pending/discord_utils-1.zip: 46%
1/14/2025, 10:40:29 PM GMT+3 [Modules] Streaming discord_utils@1 to /home/burak/.config/discord/0.0.80/modules/pending/discord_utils-1.zip: 52%
1/14/2025, 10:40:29 PM GMT+3 [Modules] Streaming discord_utils@1 to /home/burak/.config/discord/0.0.80/modules/pending/discord_utils-1.zip: 53%
1/14/2025, 10:40:29 PM GMT+3 [Modules] Streaming discord_utils@1 to /home/burak/.config/discord/0.0.80/modules/pending/discord_utils-1.zip: 54%
1/14/2025, 10:40:29 PM GMT+3 [Modules] Streaming discord_utils@1 to /home/burak/.config/discord/0.0.80/modules/pending/discord_utils-1.zip: 55%
1/14/2025, 10:40:29 PM GMT+3 [Modules] Streaming discord_utils@1 to /home/burak/.config/discord/0.0.80/modules/pending/discord_utils-1.zip: 57%
1/14/2025, 10:40:29 PM GMT+3 [Modules] Streaming discord_utils@1 to /home/burak/.config/discord/0.0.80/modules/pending/discord_utils-1.zip: 58%
1/14/2025, 10:40:29 PM GMT+3 [Modules] Streaming discord_utils@1 to /home/burak/.config/discord/0.0.80/modules/pending/discord_utils-1.zip: 60%
1/14/2025, 10:40:29 PM GMT+3 [Modules] Streaming discord_utils@1 to /home/burak/.config/discord/0.0.80/modules/pending/discord_utils-1.zip: 61%
1/14/2025, 10:40:29 PM GMT+3 [Modules] Streaming discord_utils@1 to /home/burak/.config/discord/0.0.80/modules/pending/discord_utils-1.zip: 62%
1/14/2025, 10:40:29 PM GMT+3 [Modules] Streaming discord_utils@1 to /home/burak/.config/discord/0.0.80/modules/pending/discord_utils-1.zip: 65%
1/14/2025, 10:40:29 PM GMT+3 [Modules] Streaming discord_utils@1 to /home/burak/.config/discord/0.0.80/modules/pending/discord_utils-1.zip: 67%
1/14/2025, 10:40:29 PM GMT+3 [Modules] Streaming discord_utils@1 to /home/burak/.config/discord/0.0.80/modules/pending/discord_utils-1.zip: 68%
1/14/2025, 10:40:29 PM GMT+3 [Modules] Streaming discord_utils@1 to /home/burak/.config/discord/0.0.80/modules/pending/discord_utils-1.zip: 70%
1/14/2025, 10:40:30 PM GMT+3 [Modules] Streaming discord_utils@1 to /home/burak/.config/discord/0.0.80/modules/pending/discord_utils-1.zip: 72%
1/14/2025, 10:40:30 PM GMT+3 [Modules] Streaming discord_utils@1 to /home/burak/.config/discord/0.0.80/modules/pending/discord_utils-1.zip: 75%
1/14/2025, 10:40:30 PM GMT+3 [Modules] Streaming discord_utils@1 to /home/burak/.config/discord/0.0.80/modules/pending/discord_utils-1.zip: 76%
1/14/2025, 10:40:30 PM GMT+3 [Modules] Streaming discord_utils@1 to /home/burak/.config/discord/0.0.80/modules/pending/discord_utils-1.zip: 78%
1/14/2025, 10:40:30 PM GMT+3 [Modules] Streaming discord_utils@1 to /home/burak/.config/discord/0.0.80/modules/pending/discord_utils-1.zip: 84%
1/14/2025, 10:40:30 PM GMT+3 [Modules] Streaming discord_utils@1 to /home/burak/.config/discord/0.0.80/modules/pending/discord_utils-1.zip: 86%
1/14/2025, 10:40:30 PM GMT+3 [Modules] Streaming discord_utils@1 to /home/burak/.config/discord/0.0.80/modules/pending/discord_utils-1.zip: 88%
1/14/2025, 10:40:30 PM GMT+3 [Modules] Streaming discord_utils@1 to /home/burak/.config/discord/0.0.80/modules/pending/discord_utils-1.zip: 89%
1/14/2025, 10:40:30 PM GMT+3 [Modules] Streaming discord_utils@1 to /home/burak/.config/discord/0.0.80/modules/pending/discord_utils-1.zip: 93%
1/14/2025, 10:40:30 PM GMT+3 [Modules] Streaming discord_utils@1 to /home/burak/.config/discord/0.0.80/modules/pending/discord_utils-1.zip: 94%
1/14/2025, 10:40:30 PM GMT+3 [Modules] Streaming discord_utils@1 to /home/burak/.config/discord/0.0.80/modules/pending/discord_utils-1.zip: 95%
1/14/2025, 10:40:30 PM GMT+3 [Modules] Streaming discord_utils@1 to /home/burak/.config/discord/0.0.80/modules/pending/discord_utils-1.zip: 100%
1/14/2025, 10:40:30 PM GMT+3 [Modules] Fetching discord_voice@1 from https://discord.com/api/modules/stable/discord_voice/1
1/14/2025, 10:40:30 PM GMT+3 [Modules] Streaming discord_voice@1 to /home/burak/.config/discord/0.0.80/modules/pending/discord_voice-1.zip
1/14/2025, 10:40:31 PM GMT+3 [Modules] Streaming discord_voice@1 to /home/burak/.config/discord/0.0.80/modules/pending/discord_voice-1.zip: 1%
1/14/2025, 10:40:31 PM GMT+3 [Modules] Streaming discord_voice@1 to /home/burak/.config/discord/0.0.80/modules/pending/discord_voice-1.zip: 2%
1/14/2025, 10:40:31 PM GMT+3 [Modules] Streaming discord_voice@1 to /home/burak/.config/discord/0.0.80/modules/pending/discord_voice-1.zip: 3%
1/14/2025, 10:40:31 PM GMT+3 [Modules] Streaming discord_voice@1 to /home/burak/.config/discord/0.0.80/modules/pending/discord_voice-1.zip: 4%
1/14/2025, 10:40:31 PM GMT+3 [Modules] Streaming discord_voice@1 to /home/burak/.config/discord/0.0.80/modules/pending/discord_voice-1.zip: 5%
1/14/2025, 10:40:31 PM GMT+3 [Modules] Streaming discord_voice@1 to /home/burak/.config/discord/0.0.80/modules/pending/discord_voice-1.zip: 6%
1/14/2025, 10:40:31 PM GMT+3 [Modules] Streaming discord_voice@1 to /home/burak/.config/discord/0.0.80/modules/pending/discord_voice-1.zip: 7%
1/14/2025, 10:40:31 PM GMT+3 [Modules] Streaming discord_voice@1 to /home/burak/.config/discord/0.0.80/modules/pending/discord_voice-1.zip: 8%
1/14/2025, 10:40:31 PM GMT+3 [Modules] Streaming discord_voice@1 to /home/burak/.config/discord/0.0.80/modules/pending/discord_voice-1.zip: 9%
1/14/2025, 10:40:31 PM GMT+3 [Modules] Streaming discord_voice@1 to /home/burak/.config/discord/0.0.80/modules/pending/discord_voice-1.zip: 10%
1/14/2025, 10:40:31 PM GMT+3 [Modules] Streaming discord_voice@1 to /home/burak/.config/discord/0.0.80/modules/pending/discord_voice-1.zip: 11%
1/14/2025, 10:40:31 PM GMT+3 [Modules] Streaming discord_voice@1 to /home/burak/.config/discord/0.0.80/modules/pending/discord_voice-1.zip: 12%
1/14/2025, 10:40:31 PM GMT+3 [Modules] Streaming discord_voice@1 to /home/burak/.config/discord/0.0.80/modules/pending/discord_voice-1.zip: 14%
1/14/2025, 10:40:31 PM GMT+3 [Modules] Streaming discord_voice@1 to /home/burak/.config/discord/0.0.80/modules/pending/discord_voice-1.zip: 15%
1/14/2025, 10:40:31 PM GMT+3 [Modules] Streaming discord_voice@1 to /home/burak/.config/discord/0.0.80/modules/pending/discord_voice-1.zip: 16%
1/14/2025, 10:40:31 PM GMT+3 [Modules] Streaming discord_voice@1 to /home/burak/.config/discord/0.0.80/modules/pending/discord_voice-1.zip: 17%
1/14/2025, 10:40:31 PM GMT+3 [Modules] Streaming discord_voice@1 to /home/burak/.config/discord/0.0.80/modules/pending/discord_voice-1.zip: 18%
1/14/2025, 10:40:31 PM GMT+3 [Modules] Streaming discord_voice@1 to /home/burak/.config/discord/0.0.80/modules/pending/discord_voice-1.zip: 19%
1/14/2025, 10:40:32 PM GMT+3 [Modules] Streaming discord_voice@1 to /home/burak/.config/discord/0.0.80/modules/pending/discord_voice-1.zip: 20%
1/14/2025, 10:40:32 PM GMT+3 [Modules] Streaming discord_voice@1 to /home/burak/.config/discord/0.0.80/modules/pending/discord_voice-1.zip: 21%
1/14/2025, 10:40:32 PM GMT+3 [Modules] Streaming discord_voice@1 to /home/burak/.config/discord/0.0.80/modules/pending/discord_voice-1.zip: 22%
1/14/2025, 10:40:32 PM GMT+3 [Modules] Streaming discord_voice@1 to /home/burak/.config/discord/0.0.80/modules/pending/discord_voice-1.zip: 23%
1/14/2025, 10:40:32 PM GMT+3 [Modules] Streaming discord_voice@1 to /home/burak/.config/discord/0.0.80/modules/pending/discord_voice-1.zip: 24%
1/14/2025, 10:40:32 PM GMT+3 [Modules] Streaming discord_voice@1 to /home/burak/.config/discord/0.0.80/modules/pending/discord_voice-1.zip: 25%
1/14/2025, 10:40:32 PM GMT+3 [Modules] Streaming discord_voice@1 to /home/burak/.config/discord/0.0.80/modules/pending/discord_voice-1.zip: 26%
1/14/2025, 10:40:32 PM GMT+3 [Modules] Streaming discord_voice@1 to /home/burak/.config/discord/0.0.80/modules/pending/discord_voice-1.zip: 27%
1/14/2025, 10:40:32 PM GMT+3 [Modules] Streaming discord_voice@1 to /home/burak/.config/discord/0.0.80/modules/pending/discord_voice-1.zip: 28%
1/14/2025, 10:40:32 PM GMT+3 [Modules] Streaming discord_voice@1 to /home/burak/.config/discord/0.0.80/modules/pending/discord_voice-1.zip: 29%
1/14/2025, 10:40:32 PM GMT+3 [Modules] Streaming discord_voice@1 to /home/burak/.config/discord/0.0.80/modules/pending/discord_voice-1.zip: 30%
1/14/2025, 10:40:32 PM GMT+3 [Modules] Streaming discord_voice@1 to /home/burak/.config/discord/0.0.80/modules/pending/discord_voice-1.zip: 31%
1/14/2025, 10:40:32 PM GMT+3 [Modules] Streaming discord_voice@1 to /home/burak/.config/discord/0.0.80/modules/pending/discord_voice-1.zip: 32%
1/14/2025, 10:40:32 PM GMT+3 [Modules] Streaming discord_voice@1 to /home/burak/.config/discord/0.0.80/modules/pending/discord_voice-1.zip: 33%
1/14/2025, 10:40:32 PM GMT+3 [Modules] Streaming discord_voice@1 to /home/burak/.config/discord/0.0.80/modules/pending/discord_voice-1.zip: 34%
1/14/2025, 10:40:32 PM GMT+3 [Modules] Streaming discord_voice@1 to /home/burak/.config/discord/0.0.80/modules/pending/discord_voice-1.zip: 35%
1/14/2025, 10:40:32 PM GMT+3 [Modules] Streaming discord_voice@1 to /home/burak/.config/discord/0.0.80/modules/pending/discord_voice-1.zip: 36%
1/14/2025, 10:40:32 PM GMT+3 [Modules] Streaming discord_voice@1 to /home/burak/.config/discord/0.0.80/modules/pending/discord_voice-1.zip: 37%
1/14/2025, 10:40:32 PM GMT+3 [Modules] Streaming discord_voice@1 to /home/burak/.config/discord/0.0.80/modules/pending/discord_voice-1.zip: 38%
1/14/2025, 10:40:33 PM GMT+3 [Modules] Streaming discord_voice@1 to /home/burak/.config/discord/0.0.80/modules/pending/discord_voice-1.zip: 39%
1/14/2025, 10:40:33 PM GMT+3 [Modules] Streaming discord_voice@1 to /home/burak/.config/discord/0.0.80/modules/pending/discord_voice-1.zip: 41%
1/14/2025, 10:40:33 PM GMT+3 [Modules] Streaming discord_voice@1 to /home/burak/.config/discord/0.0.80/modules/pending/discord_voice-1.zip: 42%
1/14/2025, 10:40:33 PM GMT+3 [Modules] Streaming discord_voice@1 to /home/burak/.config/discord/0.0.80/modules/pending/discord_voice-1.zip: 43%
1/14/2025, 10:40:33 PM GMT+3 [Modules] Streaming discord_voice@1 to /home/burak/.config/discord/0.0.80/modules/pending/discord_voice-1.zip: 44%
1/14/2025, 10:40:33 PM GMT+3 [Modules] Streaming discord_voice@1 to /home/burak/.config/discord/0.0.80/modules/pending/discord_voice-1.zip: 45%
1/14/2025, 10:40:33 PM GMT+3 [Modules] Streaming discord_voice@1 to /home/burak/.config/discord/0.0.80/modules/pending/discord_voice-1.zip: 46%
1/14/2025, 10:40:33 PM GMT+3 [Modules] Streaming discord_voice@1 to /home/burak/.config/discord/0.0.80/modules/pending/discord_voice-1.zip: 47%
1/14/2025, 10:40:33 PM GMT+3 [Modules] Streaming discord_voice@1 to /home/burak/.config/discord/0.0.80/modules/pending/discord_voice-1.zip: 48%
1/14/2025, 10:40:33 PM GMT+3 [Modules] Streaming discord_voice@1 to /home/burak/.config/discord/0.0.80/modules/pending/discord_voice-1.zip: 50%
1/14/2025, 10:40:33 PM GMT+3 [Modules] Streaming discord_voice@1 to /home/burak/.config/discord/0.0.80/modules/pending/discord_voice-1.zip: 51%
1/14/2025, 10:40:33 PM GMT+3 [Modules] Streaming discord_voice@1 to /home/burak/.config/discord/0.0.80/modules/pending/discord_voice-1.zip: 52%
1/14/2025, 10:40:33 PM GMT+3 [Modules] Streaming discord_voice@1 to /home/burak/.config/discord/0.0.80/modules/pending/discord_voice-1.zip: 53%
1/14/2025, 10:40:33 PM GMT+3 [Modules] Streaming discord_voice@1 to /home/burak/.config/discord/0.0.80/modules/pending/discord_voice-1.zip: 54%
1/14/2025, 10:40:33 PM GMT+3 [Modules] Streaming discord_voice@1 to /home/burak/.config/discord/0.0.80/modules/pending/discord_voice-1.zip: 55%
1/14/2025, 10:40:34 PM GMT+3 [Modules] Streaming discord_voice@1 to /home/burak/.config/discord/0.0.80/modules/pending/discord_voice-1.zip: 56%
1/14/2025, 10:40:34 PM GMT+3 [Modules] Streaming discord_voice@1 to /home/burak/.config/discord/0.0.80/modules/pending/discord_voice-1.zip: 57%
1/14/2025, 10:40:34 PM GMT+3 [Modules] Streaming discord_voice@1 to /home/burak/.config/discord/0.0.80/modules/pending/discord_voice-1.zip: 58%
1/14/2025, 10:40:34 PM GMT+3 [Modules] Streaming discord_voice@1 to /home/burak/.config/discord/0.0.80/modules/pending/discord_voice-1.zip: 59%
1/14/2025, 10:40:34 PM GMT+3 [Modules] Streaming discord_voice@1 to /home/burak/.config/discord/0.0.80/modules/pending/discord_voice-1.zip: 60%
1/14/2025, 10:40:34 PM GMT+3 [Modules] Streaming discord_voice@1 to /home/burak/.config/discord/0.0.80/modules/pending/discord_voice-1.zip: 61%
1/14/2025, 10:40:34 PM GMT+3 [Modules] Streaming discord_voice@1 to /home/burak/.config/discord/0.0.80/modules/pending/discord_voice-1.zip: 62%
1/14/2025, 10:40:34 PM GMT+3 [Modules] Streaming discord_voice@1 to /home/burak/.config/discord/0.0.80/modules/pending/discord_voice-1.zip: 63%
1/14/2025, 10:40:34 PM GMT+3 [Modules] Streaming discord_voice@1 to /home/burak/.config/discord/0.0.80/modules/pending/discord_voice-1.zip: 64%
1/14/2025, 10:40:34 PM GMT+3 [Modules] Streaming discord_voice@1 to /home/burak/.config/discord/0.0.80/modules/pending/discord_voice-1.zip: 65%
1/14/2025, 10:40:34 PM GMT+3 [Modules] Streaming discord_voice@1 to /home/burak/.config/discord/0.0.80/modules/pending/discord_voice-1.zip: 67%
1/14/2025, 10:40:34 PM GMT+3 [Modules] Streaming discord_voice@1 to /home/burak/.config/discord/0.0.80/modules/pending/discord_voice-1.zip: 68%
1/14/2025, 10:40:34 PM GMT+3 [Modules] Streaming discord_voice@1 to /home/burak/.config/discord/0.0.80/modules/pending/discord_voice-1.zip: 69%
1/14/2025, 10:40:34 PM GMT+3 [Modules] Streaming discord_voice@1 to /home/burak/.config/discord/0.0.80/modules/pending/discord_voice-1.zip: 70%
1/14/2025, 10:40:34 PM GMT+3 [Modules] Streaming discord_voice@1 to /home/burak/.config/discord/0.0.80/modules/pending/discord_voice-1.zip: 71%
1/14/2025, 10:40:34 PM GMT+3 [Modules] Streaming discord_voice@1 to /home/burak/.config/discord/0.0.80/modules/pending/discord_voice-1.zip: 72%
1/14/2025, 10:40:34 PM GMT+3 [Modules] Streaming discord_voice@1 to /home/burak/.config/discord/0.0.80/modules/pending/discord_voice-1.zip: 73%
1/14/2025, 10:40:34 PM GMT+3 [Modules] Streaming discord_voice@1 to /home/burak/.config/discord/0.0.80/modules/pending/discord_voice-1.zip: 74%
1/14/2025, 10:40:34 PM GMT+3 [Modules] Streaming discord_voice@1 to /home/burak/.config/discord/0.0.80/modules/pending/discord_voice-1.zip: 75%
1/14/2025, 10:40:34 PM GMT+3 [Modules] Streaming discord_voice@1 to /home/burak/.config/discord/0.0.80/modules/pending/discord_voice-1.zip: 76%
1/14/2025, 10:40:35 PM GMT+3 [Modules] Streaming discord_voice@1 to /home/burak/.config/discord/0.0.80/modules/pending/discord_voice-1.zip: 77%
1/14/2025, 10:40:35 PM GMT+3 [Modules] Streaming discord_voice@1 to /home/burak/.config/discord/0.0.80/modules/pending/discord_voice-1.zip: 78%
1/14/2025, 10:40:35 PM GMT+3 [Modules] Streaming discord_voice@1 to /home/burak/.config/discord/0.0.80/modules/pending/discord_voice-1.zip: 79%
1/14/2025, 10:40:35 PM GMT+3 [Modules] Streaming discord_voice@1 to /home/burak/.config/discord/0.0.80/modules/pending/discord_voice-1.zip: 80%
1/14/2025, 10:40:35 PM GMT+3 [Modules] Streaming discord_voice@1 to /home/burak/.config/discord/0.0.80/modules/pending/discord_voice-1.zip: 81%
1/14/2025, 10:40:35 PM GMT+3 [Modules] Streaming discord_voice@1 to /home/burak/.config/discord/0.0.80/modules/pending/discord_voice-1.zip: 82%
1/14/2025, 10:40:35 PM GMT+3 [Modules] Streaming discord_voice@1 to /home/burak/.config/discord/0.0.80/modules/pending/discord_voice-1.zip: 83%
1/14/2025, 10:40:35 PM GMT+3 [Modules] Streaming discord_voice@1 to /home/burak/.config/discord/0.0.80/modules/pending/discord_voice-1.zip: 84%
1/14/2025, 10:40:35 PM GMT+3 [Modules] Streaming discord_voice@1 to /home/burak/.config/discord/0.0.80/modules/pending/discord_voice-1.zip: 85%
1/14/2025, 10:40:35 PM GMT+3 [Modules] Streaming discord_voice@1 to /home/burak/.config/discord/0.0.80/modules/pending/discord_voice-1.zip: 86%
1/14/2025, 10:40:35 PM GMT+3 [Modules] Streaming discord_voice@1 to /home/burak/.config/discord/0.0.80/modules/pending/discord_voice-1.zip: 87%
1/14/2025, 10:40:35 PM GMT+3 [Modules] Streaming discord_voice@1 to /home/burak/.config/discord/0.0.80/modules/pending/discord_voice-1.zip: 88%
1/14/2025, 10:40:35 PM GMT+3 [Modules] Streaming discord_voice@1 to /home/burak/.config/discord/0.0.80/modules/pending/discord_voice-1.zip: 89%
1/14/2025, 10:40:35 PM GMT+3 [Modules] Streaming discord_voice@1 to /home/burak/.config/discord/0.0.80/modules/pending/discord_voice-1.zip: 90%
1/14/2025, 10:40:35 PM GMT+3 [Modules] Streaming discord_voice@1 to /home/burak/.config/discord/0.0.80/modules/pending/discord_voice-1.zip: 91%
1/14/2025, 10:40:35 PM GMT+3 [Modules] Streaming discord_voice@1 to /home/burak/.config/discord/0.0.80/modules/pending/discord_voice-1.zip: 92%
1/14/2025, 10:40:35 PM GMT+3 [Modules] Streaming discord_voice@1 to /home/burak/.config/discord/0.0.80/modules/pending/discord_voice-1.zip: 93%
1/14/2025, 10:40:35 PM GMT+3 [Modules] Streaming discord_voice@1 to /home/burak/.config/discord/0.0.80/modules/pending/discord_voice-1.zip: 94%
1/14/2025, 10:40:35 PM GMT+3 [Modules] Streaming discord_voice@1 to /home/burak/.config/discord/0.0.80/modules/pending/discord_voice-1.zip: 95%
1/14/2025, 10:40:35 PM GMT+3 [Modules] Streaming discord_voice@1 to /home/burak/.config/discord/0.0.80/modules/pending/discord_voice-1.zip: 96%
1/14/2025, 10:40:35 PM GMT+3 [Modules] Streaming discord_voice@1 to /home/burak/.config/discord/0.0.80/modules/pending/discord_voice-1.zip: 97%
1/14/2025, 10:40:35 PM GMT+3 [Modules] Streaming discord_voice@1 to /home/burak/.config/discord/0.0.80/modules/pending/discord_voice-1.zip: 98%
1/14/2025, 10:40:35 PM GMT+3 [Modules] Streaming discord_voice@1 to /home/burak/.config/discord/0.0.80/modules/pending/discord_voice-1.zip: 99%
1/14/2025, 10:40:35 PM GMT+3 [Modules] Streaming discord_voice@1 to /home/burak/.config/discord/0.0.80/modules/pending/discord_voice-1.zip: 100%
1/14/2025, 10:40:35 PM GMT+3 [Modules] Fetching discord_zstd@1 from https://discord.com/api/modules/stable/discord_zstd/1
1/14/2025, 10:40:35 PM GMT+3 [Modules] Streaming discord_zstd@1 to /home/burak/.config/discord/0.0.80/modules/pending/discord_zstd-1.zip
1/14/2025, 10:40:36 PM GMT+3 [Modules] Streaming discord_zstd@1 to /home/burak/.config/discord/0.0.80/modules/pending/discord_zstd-1.zip: 1%
1/14/2025, 10:40:36 PM GMT+3 [Modules] Streaming discord_zstd@1 to /home/burak/.config/discord/0.0.80/modules/pending/discord_zstd-1.zip: 6%
1/14/2025, 10:40:36 PM GMT+3 [Modules] Streaming discord_zstd@1 to /home/burak/.config/discord/0.0.80/modules/pending/discord_zstd-1.zip: 15%
1/14/2025, 10:40:36 PM GMT+3 [Modules] Streaming discord_zstd@1 to /home/burak/.config/discord/0.0.80/modules/pending/discord_zstd-1.zip: 19%
1/14/2025, 10:40:36 PM GMT+3 [Modules] Streaming discord_zstd@1 to /home/burak/.config/discord/0.0.80/modules/pending/discord_zstd-1.zip: 20%
1/14/2025, 10:40:36 PM GMT+3 [Modules] Streaming discord_zstd@1 to /home/burak/.config/discord/0.0.80/modules/pending/discord_zstd-1.zip: 21%
1/14/2025, 10:40:36 PM GMT+3 [Modules] Streaming discord_zstd@1 to /home/burak/.config/discord/0.0.80/modules/pending/discord_zstd-1.zip: 22%
1/14/2025, 10:40:36 PM GMT+3 [Modules] Streaming discord_zstd@1 to /home/burak/.config/discord/0.0.80/modules/pending/discord_zstd-1.zip: 23%
1/14/2025, 10:40:36 PM GMT+3 [Modules] Streaming discord_zstd@1 to /home/burak/.config/discord/0.0.80/modules/pending/discord_zstd-1.zip: 24%
1/14/2025, 10:40:36 PM GMT+3 [Modules] Streaming discord_zstd@1 to /home/burak/.config/discord/0.0.80/modules/pending/discord_zstd-1.zip: 25%
1/14/2025, 10:40:36 PM GMT+3 [Modules] Streaming discord_zstd@1 to /home/burak/.config/discord/0.0.80/modules/pending/discord_zstd-1.zip: 27%
1/14/2025, 10:40:36 PM GMT+3 [Modules] Streaming discord_zstd@1 to /home/burak/.config/discord/0.0.80/modules/pending/discord_zstd-1.zip: 28%
1/14/2025, 10:40:37 PM GMT+3 [Modules] Streaming discord_zstd@1 to /home/burak/.config/discord/0.0.80/modules/pending/discord_zstd-1.zip: 29%
1/14/2025, 10:40:37 PM GMT+3 [Modules] Streaming discord_zstd@1 to /home/burak/.config/discord/0.0.80/modules/pending/discord_zstd-1.zip: 38%
1/14/2025, 10:40:37 PM GMT+3 [Modules] Streaming discord_zstd@1 to /home/burak/.config/discord/0.0.80/modules/pending/discord_zstd-1.zip: 39%
1/14/2025, 10:40:37 PM GMT+3 [Modules] Streaming discord_zstd@1 to /home/burak/.config/discord/0.0.80/modules/pending/discord_zstd-1.zip: 46%
1/14/2025, 10:40:37 PM GMT+3 [Modules] Streaming discord_zstd@1 to /home/burak/.config/discord/0.0.80/modules/pending/discord_zstd-1.zip: 49%
1/14/2025, 10:40:37 PM GMT+3 [Modules] Streaming discord_zstd@1 to /home/burak/.config/discord/0.0.80/modules/pending/discord_zstd-1.zip: 66%
1/14/2025, 10:40:37 PM GMT+3 [Modules] Streaming discord_zstd@1 to /home/burak/.config/discord/0.0.80/modules/pending/discord_zstd-1.zip: 100%
1/14/2025, 10:40:37 PM GMT+3 [Modules] Finished module downloads. [success: 6] [failure: 0]
1/14/2025, 10:40:37 PM GMT+3 [Modules] Installing updates...
1/14/2025, 10:40:37 PM GMT+3 [Modules] Installing discord_desktop_core@1 from /home/burak/.config/discord/0.0.80/modules/pending/discord_desktop_core-1.zip
1/14/2025, 10:40:37 PM GMT+3 [Modules] Installing discord_erlpack@1 from /home/burak/.config/discord/0.0.80/modules/pending/discord_erlpack-1.zip
1/14/2025, 10:40:38 PM GMT+3 [Modules] Installing discord_spellcheck@1 from /home/burak/.config/discord/0.0.80/modules/pending/discord_spellcheck-1.zip
1/14/2025, 10:40:41 PM GMT+3 [Modules] Installing discord_utils@1 from /home/burak/.config/discord/0.0.80/modules/pending/discord_utils-1.zip
1/14/2025, 10:40:42 PM GMT+3 [Modules] Installing discord_voice@1 from /home/burak/.config/discord/0.0.80/modules/pending/discord_voice-1.zip
1/14/2025, 10:40:44 PM GMT+3 [Modules] Installing discord_zstd@1 from /home/burak/.config/discord/0.0.80/modules/pending/discord_zstd-1.zip
1/14/2025, 10:40:44 PM GMT+3 [Modules] Finished module installations. [success: 6] [failure: 0]
1/14/2025, 10:40:44 PM GMT+3 [Modules] Checking for host updates.
1/14/2025, 10:40:44 PM GMT+3 [Modules] Host is up to date.
1/14/2025, 10:40:44 PM GMT+3 [Modules] Checking for module updates at https://discord.com/api/modules/stable/versions.json
1/14/2025, 10:40:44 PM GMT+3 [Modules] No module updates available.
1/14/2025, 10:40:48 PM GMT+3 [Modules] Starting to install discord_krisp...
1/14/2025, 10:40:48 PM GMT+3 [Modules] Fetching discord_krisp@1 from https://discord.com/api/modules/stable/discord_krisp/1
1/14/2025, 10:40:48 PM GMT+3 [Modules] Streaming discord_krisp@1 to /home/burak/.config/discord/0.0.80/modules/pending/discord_krisp-1.zip
1/14/2025, 10:40:48 PM GMT+3 [Modules] Starting to install discord_game_utils...
1/14/2025, 10:40:48 PM GMT+3 [Modules] Streaming discord_krisp@1 to /home/burak/.config/discord/0.0.80/modules/pending/discord_krisp-1.zip: 1%
1/14/2025, 10:40:48 PM GMT+3 [Modules] Streaming discord_krisp@1 to /home/burak/.config/discord/0.0.80/modules/pending/discord_krisp-1.zip: 3%
1/14/2025, 10:40:49 PM GMT+3 [Modules] Streaming discord_krisp@1 to /home/burak/.config/discord/0.0.80/modules/pending/discord_krisp-1.zip: 4%
1/14/2025, 10:40:49 PM GMT+3 [Modules] Streaming discord_krisp@1 to /home/burak/.config/discord/0.0.80/modules/pending/discord_krisp-1.zip: 5%
1/14/2025, 10:40:49 PM GMT+3 [Modules] Streaming discord_krisp@1 to /home/burak/.config/discord/0.0.80/modules/pending/discord_krisp-1.zip: 6%
1/14/2025, 10:40:49 PM GMT+3 [Modules] Streaming discord_krisp@1 to /home/burak/.config/discord/0.0.80/modules/pending/discord_krisp-1.zip: 7%
1/14/2025, 10:40:49 PM GMT+3 [Modules] Streaming discord_krisp@1 to /home/burak/.config/discord/0.0.80/modules/pending/discord_krisp-1.zip: 8%
1/14/2025, 10:40:49 PM GMT+3 [Modules] Streaming discord_krisp@1 to /home/burak/.config/discord/0.0.80/modules/pending/discord_krisp-1.zip: 9%
1/14/2025, 10:40:49 PM GMT+3 [Modules] Streaming discord_krisp@1 to /home/burak/.config/discord/0.0.80/modules/pending/discord_krisp-1.zip: 11%
1/14/2025, 10:40:50 PM GMT+3 [Modules] Streaming discord_krisp@1 to /home/burak/.config/discord/0.0.80/modules/pending/discord_krisp-1.zip: 12%
1/14/2025, 10:40:50 PM GMT+3 [Modules] Streaming discord_krisp@1 to /home/burak/.config/discord/0.0.80/modules/pending/discord_krisp-1.zip: 13%
1/14/2025, 10:40:50 PM GMT+3 [Modules] Streaming discord_krisp@1 to /home/burak/.config/discord/0.0.80/modules/pending/discord_krisp-1.zip: 14%
1/14/2025, 10:40:50 PM GMT+3 [Modules] Streaming discord_krisp@1 to /home/burak/.config/discord/0.0.80/modules/pending/discord_krisp-1.zip: 16%
1/14/2025, 10:40:50 PM GMT+3 [Modules] Streaming discord_krisp@1 to /home/burak/.config/discord/0.0.80/modules/pending/discord_krisp-1.zip: 18%
1/14/2025, 10:40:50 PM GMT+3 [Modules] Streaming discord_krisp@1 to /home/burak/.config/discord/0.0.80/modules/pending/discord_krisp-1.zip: 19%
1/14/2025, 10:40:50 PM GMT+3 [Modules] Streaming discord_krisp@1 to /home/burak/.config/discord/0.0.80/modules/pending/discord_krisp-1.zip: 20%
1/14/2025, 10:40:50 PM GMT+3 [Modules] Streaming discord_krisp@1 to /home/burak/.config/discord/0.0.80/modules/pending/discord_krisp-1.zip: 22%
1/14/2025, 10:40:50 PM GMT+3 [Modules] Streaming discord_krisp@1 to /home/burak/.config/discord/0.0.80/modules/pending/discord_krisp-1.zip: 23%
1/14/2025, 10:40:50 PM GMT+3 [Modules] Streaming discord_krisp@1 to /home/burak/.config/discord/0.0.80/modules/pending/discord_krisp-1.zip: 24%
1/14/2025, 10:40:50 PM GMT+3 [Modules] Streaming discord_krisp@1 to /home/burak/.config/discord/0.0.80/modules/pending/discord_krisp-1.zip: 25%
1/14/2025, 10:40:52 PM GMT+3 [Modules] Streaming discord_krisp@1 to /home/burak/.config/discord/0.0.80/modules/pending/discord_krisp-1.zip: 26%
1/14/2025, 10:40:53 PM GMT+3 [Modules] Streaming discord_krisp@1 to /home/burak/.config/discord/0.0.80/modules/pending/discord_krisp-1.zip: 27%
1/14/2025, 10:40:53 PM GMT+3 [Modules] Streaming discord_krisp@1 to /home/burak/.config/discord/0.0.80/modules/pending/discord_krisp-1.zip: 28%
1/14/2025, 10:40:55 PM GMT+3 [Modules] Streaming discord_krisp@1 to /home/burak/.config/discord/0.0.80/modules/pending/discord_krisp-1.zip: 29%
1/14/2025, 10:40:55 PM GMT+3 [Modules] Streaming discord_krisp@1 to /home/burak/.config/discord/0.0.80/modules/pending/discord_krisp-1.zip: 30%
1/14/2025, 10:40:55 PM GMT+3 [Modules] Streaming discord_krisp@1 to /home/burak/.config/discord/0.0.80/modules/pending/discord_krisp-1.zip: 31%
1/14/2025, 10:40:55 PM GMT+3 [Modules] Streaming discord_krisp@1 to /home/burak/.config/discord/0.0.80/modules/pending/discord_krisp-1.zip: 32%
1/14/2025, 10:40:55 PM GMT+3 [Modules] Streaming discord_krisp@1 to /home/burak/.config/discord/0.0.80/modules/pending/discord_krisp-1.zip: 33%
1/14/2025, 10:40:55 PM GMT+3 [Modules] Streaming discord_krisp@1 to /home/burak/.config/discord/0.0.80/modules/pending/discord_krisp-1.zip: 34%
1/14/2025, 10:40:55 PM GMT+3 [Modules] Streaming discord_krisp@1 to /home/burak/.config/discord/0.0.80/modules/pending/discord_krisp-1.zip: 35%
1/14/2025, 10:40:55 PM GMT+3 [Modules] Streaming discord_krisp@1 to /home/burak/.config/discord/0.0.80/modules/pending/discord_krisp-1.zip: 36%
1/14/2025, 10:40:55 PM GMT+3 [Modules] Streaming discord_krisp@1 to /home/burak/.config/discord/0.0.80/modules/pending/discord_krisp-1.zip: 37%
1/14/2025, 10:40:55 PM GMT+3 [Modules] Streaming discord_krisp@1 to /home/burak/.config/discord/0.0.80/modules/pending/discord_krisp-1.zip: 38%
1/14/2025, 10:40:55 PM GMT+3 [Modules] Streaming discord_krisp@1 to /home/burak/.config/discord/0.0.80/modules/pending/discord_krisp-1.zip: 39%
1/14/2025, 10:40:56 PM GMT+3 [Modules] Checking for host updates.
1/14/2025, 10:40:56 PM GMT+3 [Modules] Streaming discord_krisp@1 to /home/burak/.config/discord/0.0.80/modules/pending/discord_krisp-1.zip: 40%
1/14/2025, 10:40:56 PM GMT+3 [Modules] Streaming discord_krisp@1 to /home/burak/.config/discord/0.0.80/modules/pending/discord_krisp-1.zip: 41%
1/14/2025, 10:40:56 PM GMT+3 [Modules] Streaming discord_krisp@1 to /home/burak/.config/discord/0.0.80/modules/pending/discord_krisp-1.zip: 43%
1/14/2025, 10:40:56 PM GMT+3 [Modules] Streaming discord_krisp@1 to /home/burak/.config/discord/0.0.80/modules/pending/discord_krisp-1.zip: 44%
1/14/2025, 10:40:56 PM GMT+3 [Modules] Streaming discord_krisp@1 to /home/burak/.config/discord/0.0.80/modules/pending/discord_krisp-1.zip: 45%
1/14/2025, 10:40:56 PM GMT+3 [Modules] Streaming discord_krisp@1 to /home/burak/.config/discord/0.0.80/modules/pending/discord_krisp-1.zip: 46%
1/14/2025, 10:40:56 PM GMT+3 [Modules] Streaming discord_krisp@1 to /home/burak/.config/discord/0.0.80/modules/pending/discord_krisp-1.zip: 48%
1/14/2025, 10:40:56 PM GMT+3 [Modules] Starting to install discord_rpc...
1/14/2025, 10:40:56 PM GMT+3 [Modules] Streaming discord_krisp@1 to /home/burak/.config/discord/0.0.80/modules/pending/discord_krisp-1.zip: 49%
1/14/2025, 10:40:56 PM GMT+3 [Modules] Host is up to date.
1/14/2025, 10:40:56 PM GMT+3 [Modules] Checking for module updates at https://discord.com/api/modules/stable/versions.json
1/14/2025, 10:40:56 PM GMT+3 [Modules] No module updates available.
1/14/2025, 10:40:56 PM GMT+3 [Modules] Streaming discord_krisp@1 to /home/burak/.config/discord/0.0.80/modules/pending/discord_krisp-1.zip: 50%
1/14/2025, 10:40:56 PM GMT+3 [Modules] Streaming discord_krisp@1 to /home/burak/.config/discord/0.0.80/modules/pending/discord_krisp-1.zip: 51%
1/14/2025, 10:40:56 PM GMT+3 [Modules] Streaming discord_krisp@1 to /home/burak/.config/discord/0.0.80/modules/pending/discord_krisp-1.zip: 52%
1/14/2025, 10:40:56 PM GMT+3 [Modules] Streaming discord_krisp@1 to /home/burak/.config/discord/0.0.80/modules/pending/discord_krisp-1.zip: 54%
1/14/2025, 10:40:57 PM GMT+3 [Modules] Streaming discord_krisp@1 to /home/burak/.config/discord/0.0.80/modules/pending/discord_krisp-1.zip: 55%
1/14/2025, 10:40:57 PM GMT+3 [Modules] Streaming discord_krisp@1 to /home/burak/.config/discord/0.0.80/modules/pending/discord_krisp-1.zip: 56%
1/14/2025, 10:40:57 PM GMT+3 [Modules] Streaming discord_krisp@1 to /home/burak/.config/discord/0.0.80/modules/pending/discord_krisp-1.zip: 57%
1/14/2025, 10:40:57 PM GMT+3 [Modules] Streaming discord_krisp@1 to /home/burak/.config/discord/0.0.80/modules/pending/discord_krisp-1.zip: 58%
1/14/2025, 10:40:57 PM GMT+3 [Modules] Streaming discord_krisp@1 to /home/burak/.config/discord/0.0.80/modules/pending/discord_krisp-1.zip: 59%
1/14/2025, 10:40:57 PM GMT+3 [Modules] Streaming discord_krisp@1 to /home/burak/.config/discord/0.0.80/modules/pending/discord_krisp-1.zip: 60%
1/14/2025, 10:40:57 PM GMT+3 [Modules] Streaming discord_krisp@1 to /home/burak/.config/discord/0.0.80/modules/pending/discord_krisp-1.zip: 61%
1/14/2025, 10:40:57 PM GMT+3 [Modules] Streaming discord_krisp@1 to /home/burak/.config/discord/0.0.80/modules/pending/discord_krisp-1.zip: 62%
1/14/2025, 10:40:58 PM GMT+3 [Modules] Streaming discord_krisp@1 to /home/burak/.config/discord/0.0.80/modules/pending/discord_krisp-1.zip: 63%
1/14/2025, 10:40:58 PM GMT+3 [Modules] Streaming discord_krisp@1 to /home/burak/.config/discord/0.0.80/modules/pending/discord_krisp-1.zip: 64%
1/14/2025, 10:40:58 PM GMT+3 [Modules] Streaming discord_krisp@1 to /home/burak/.config/discord/0.0.80/modules/pending/discord_krisp-1.zip: 65%
1/14/2025, 10:40:58 PM GMT+3 [Modules] Streaming discord_krisp@1 to /home/burak/.config/discord/0.0.80/modules/pending/discord_krisp-1.zip: 66%
1/14/2025, 10:40:58 PM GMT+3 [Modules] Streaming discord_krisp@1 to /home/burak/.config/discord/0.0.80/modules/pending/discord_krisp-1.zip: 67%
1/14/2025, 10:40:58 PM GMT+3 [Modules] Streaming discord_krisp@1 to /home/burak/.config/discord/0.0.80/modules/pending/discord_krisp-1.zip: 68%
1/14/2025, 10:40:58 PM GMT+3 [Modules] Streaming discord_krisp@1 to /home/burak/.config/discord/0.0.80/modules/pending/discord_krisp-1.zip: 69%
1/14/2025, 10:40:58 PM GMT+3 [Modules] Streaming discord_krisp@1 to /home/burak/.config/discord/0.0.80/modules/pending/discord_krisp-1.zip: 70%
1/14/2025, 10:40:58 PM GMT+3 [Modules] Streaming discord_krisp@1 to /home/burak/.config/discord/0.0.80/modules/pending/discord_krisp-1.zip: 71%
1/14/2025, 10:40:58 PM GMT+3 [Modules] Streaming discord_krisp@1 to /home/burak/.config/discord/0.0.80/modules/pending/discord_krisp-1.zip: 72%
1/14/2025, 10:40:59 PM GMT+3 [Modules] Streaming discord_krisp@1 to /home/burak/.config/discord/0.0.80/modules/pending/discord_krisp-1.zip: 73%
1/14/2025, 10:40:59 PM GMT+3 [Modules] Streaming discord_krisp@1 to /home/burak/.config/discord/0.0.80/modules/pending/discord_krisp-1.zip: 74%
1/14/2025, 10:40:59 PM GMT+3 [Modules] Streaming discord_krisp@1 to /home/burak/.config/discord/0.0.80/modules/pending/discord_krisp-1.zip: 75%
1/14/2025, 10:40:59 PM GMT+3 [Modules] Streaming discord_krisp@1 to /home/burak/.config/discord/0.0.80/modules/pending/discord_krisp-1.zip: 76%
1/14/2025, 10:40:59 PM GMT+3 [Modules] Streaming discord_krisp@1 to /home/burak/.config/discord/0.0.80/modules/pending/discord_krisp-1.zip: 77%
1/14/2025, 10:40:59 PM GMT+3 [Modules] Streaming discord_krisp@1 to /home/burak/.config/discord/0.0.80/modules/pending/discord_krisp-1.zip: 78%
1/14/2025, 10:40:59 PM GMT+3 [Modules] Streaming discord_krisp@1 to /home/burak/.config/discord/0.0.80/modules/pending/discord_krisp-1.zip: 79%
1/14/2025, 10:40:59 PM GMT+3 [Modules] Streaming discord_krisp@1 to /home/burak/.config/discord/0.0.80/modules/pending/discord_krisp-1.zip: 80%
1/14/2025, 10:40:59 PM GMT+3 [Modules] Streaming discord_krisp@1 to /home/burak/.config/discord/0.0.80/modules/pending/discord_krisp-1.zip: 81%
1/14/2025, 10:40:59 PM GMT+3 [Modules] Streaming discord_krisp@1 to /home/burak/.config/discord/0.0.80/modules/pending/discord_krisp-1.zip: 82%
1/14/2025, 10:40:59 PM GMT+3 [Modules] Streaming discord_krisp@1 to /home/burak/.config/discord/0.0.80/modules/pending/discord_krisp-1.zip: 83%
1/14/2025, 10:41:00 PM GMT+3 [Modules] Streaming discord_krisp@1 to /home/burak/.config/discord/0.0.80/modules/pending/discord_krisp-1.zip: 84%
1/14/2025, 10:41:00 PM GMT+3 [Modules] Streaming discord_krisp@1 to /home/burak/.config/discord/0.0.80/modules/pending/discord_krisp-1.zip: 85%
1/14/2025, 10:41:00 PM GMT+3 [Modules] Streaming discord_krisp@1 to /home/burak/.config/discord/0.0.80/modules/pending/discord_krisp-1.zip: 86%
1/14/2025, 10:41:00 PM GMT+3 [Modules] Streaming discord_krisp@1 to /home/burak/.config/discord/0.0.80/modules/pending/discord_krisp-1.zip: 87%
1/14/2025, 10:41:00 PM GMT+3 [Modules] Streaming discord_krisp@1 to /home/burak/.config/discord/0.0.80/modules/pending/discord_krisp-1.zip: 88%
1/14/2025, 10:41:00 PM GMT+3 [Modules] Streaming discord_krisp@1 to /home/burak/.config/discord/0.0.80/modules/pending/discord_krisp-1.zip: 89%
1/14/2025, 10:41:00 PM GMT+3 [Modules] Streaming discord_krisp@1 to /home/burak/.config/discord/0.0.80/modules/pending/discord_krisp-1.zip: 90%
1/14/2025, 10:41:00 PM GMT+3 [Modules] Streaming discord_krisp@1 to /home/burak/.config/discord/0.0.80/modules/pending/discord_krisp-1.zip: 91%
1/14/2025, 10:41:00 PM GMT+3 [Modules] Streaming discord_krisp@1 to /home/burak/.config/discord/0.0.80/modules/pending/discord_krisp-1.zip: 92%
1/14/2025, 10:41:00 PM GMT+3 [Modules] Streaming discord_krisp@1 to /home/burak/.config/discord/0.0.80/modules/pending/discord_krisp-1.zip: 93%
1/14/2025, 10:41:00 PM GMT+3 [Modules] Streaming discord_krisp@1 to /home/burak/.config/discord/0.0.80/modules/pending/discord_krisp-1.zip: 94%
1/14/2025, 10:41:00 PM GMT+3 [Modules] Streaming discord_krisp@1 to /home/burak/.config/discord/0.0.80/modules/pending/discord_krisp-1.zip: 95%
1/14/2025, 10:41:00 PM GMT+3 [Modules] Streaming discord_krisp@1 to /home/burak/.config/discord/0.0.80/modules/pending/discord_krisp-1.zip: 96%
1/14/2025, 10:41:00 PM GMT+3 [Modules] Streaming discord_krisp@1 to /home/burak/.config/discord/0.0.80/modules/pending/discord_krisp-1.zip: 97%
1/14/2025, 10:41:00 PM GMT+3 [Modules] Streaming discord_krisp@1 to /home/burak/.config/discord/0.0.80/modules/pending/discord_krisp-1.zip: 98%
1/14/2025, 10:41:00 PM GMT+3 [Modules] Streaming discord_krisp@1 to /home/burak/.config/discord/0.0.80/modules/pending/discord_krisp-1.zip: 99%
1/14/2025, 10:41:00 PM GMT+3 [Modules] Streaming discord_krisp@1 to /home/burak/.config/discord/0.0.80/modules/pending/discord_krisp-1.zip: 100%
1/14/2025, 10:41:00 PM GMT+3 [Modules] Fetching discord_game_utils@1 from https://discord.com/api/modules/stable/discord_game_utils/1
1/14/2025, 10:41:00 PM GMT+3 [Modules] Streaming discord_game_utils@1 to /home/burak/.config/discord/0.0.80/modules/pending/discord_game_utils-1.zip
1/14/2025, 10:41:00 PM GMT+3 [Modules] Installing discord_krisp@1 from /home/burak/.config/discord/0.0.80/modules/pending/discord_krisp-1.zip
1/14/2025, 10:41:01 PM GMT+3 [Modules] Streaming discord_game_utils@1 to /home/burak/.config/discord/0.0.80/modules/pending/discord_game_utils-1.zip: 1%
1/14/2025, 10:41:01 PM GMT+3 [Modules] Streaming discord_game_utils@1 to /home/burak/.config/discord/0.0.80/modules/pending/discord_game_utils-1.zip: 2%
1/14/2025, 10:41:01 PM GMT+3 [Modules] Streaming discord_game_utils@1 to /home/burak/.config/discord/0.0.80/modules/pending/discord_game_utils-1.zip: 3%
1/14/2025, 10:41:01 PM GMT+3 [Modules] Streaming discord_game_utils@1 to /home/burak/.config/discord/0.0.80/modules/pending/discord_game_utils-1.zip: 4%
1/14/2025, 10:41:01 PM GMT+3 [Modules] Streaming discord_game_utils@1 to /home/burak/.config/discord/0.0.80/modules/pending/discord_game_utils-1.zip: 5%
1/14/2025, 10:41:01 PM GMT+3 [Modules] Streaming discord_game_utils@1 to /home/burak/.config/discord/0.0.80/modules/pending/discord_game_utils-1.zip: 6%
1/14/2025, 10:41:01 PM GMT+3 [Modules] Streaming discord_game_utils@1 to /home/burak/.config/discord/0.0.80/modules/pending/discord_game_utils-1.zip: 7%
1/14/2025, 10:41:01 PM GMT+3 [Modules] Streaming discord_game_utils@1 to /home/burak/.config/discord/0.0.80/modules/pending/discord_game_utils-1.zip: 8%
1/14/2025, 10:41:01 PM GMT+3 [Modules] Streaming discord_game_utils@1 to /home/burak/.config/discord/0.0.80/modules/pending/discord_game_utils-1.zip: 9%
1/14/2025, 10:41:01 PM GMT+3 [Modules] Streaming discord_game_utils@1 to /home/burak/.config/discord/0.0.80/modules/pending/discord_game_utils-1.zip: 11%
1/14/2025, 10:41:01 PM GMT+3 [Modules] Streaming discord_game_utils@1 to /home/burak/.config/discord/0.0.80/modules/pending/discord_game_utils-1.zip: 19%
1/14/2025, 10:41:01 PM GMT+3 [Modules] Streaming discord_game_utils@1 to /home/burak/.config/discord/0.0.80/modules/pending/discord_game_utils-1.zip: 26%
1/14/2025, 10:41:01 PM GMT+3 [Modules] Streaming discord_game_utils@1 to /home/burak/.config/discord/0.0.80/modules/pending/discord_game_utils-1.zip: 33%
1/14/2025, 10:41:01 PM GMT+3 [Modules] Streaming discord_game_utils@1 to /home/burak/.config/discord/0.0.80/modules/pending/discord_game_utils-1.zip: 35%
1/14/2025, 10:41:01 PM GMT+3 [Modules] Streaming discord_game_utils@1 to /home/burak/.config/discord/0.0.80/modules/pending/discord_game_utils-1.zip: 36%
1/14/2025, 10:41:01 PM GMT+3 [Modules] Streaming discord_game_utils@1 to /home/burak/.config/discord/0.0.80/modules/pending/discord_game_utils-1.zip: 38%
1/14/2025, 10:41:01 PM GMT+3 [Modules] Streaming discord_game_utils@1 to /home/burak/.config/discord/0.0.80/modules/pending/discord_game_utils-1.zip: 39%
1/14/2025, 10:41:01 PM GMT+3 [Modules] Streaming discord_game_utils@1 to /home/burak/.config/discord/0.0.80/modules/pending/discord_game_utils-1.zip: 40%
1/14/2025, 10:41:01 PM GMT+3 [Modules] Streaming discord_game_utils@1 to /home/burak/.config/discord/0.0.80/modules/pending/discord_game_utils-1.zip: 41%
1/14/2025, 10:41:01 PM GMT+3 [Modules] Streaming discord_game_utils@1 to /home/burak/.config/discord/0.0.80/modules/pending/discord_game_utils-1.zip: 42%
1/14/2025, 10:41:01 PM GMT+3 [Modules] Streaming discord_game_utils@1 to /home/burak/.config/discord/0.0.80/modules/pending/discord_game_utils-1.zip: 43%
1/14/2025, 10:41:01 PM GMT+3 [Modules] Streaming discord_game_utils@1 to /home/burak/.config/discord/0.0.80/modules/pending/discord_game_utils-1.zip: 44%
1/14/2025, 10:41:01 PM GMT+3 [Modules] Streaming discord_game_utils@1 to /home/burak/.config/discord/0.0.80/modules/pending/discord_game_utils-1.zip: 45%
1/14/2025, 10:41:01 PM GMT+3 [Modules] Streaming discord_game_utils@1 to /home/burak/.config/discord/0.0.80/modules/pending/discord_game_utils-1.zip: 46%
1/14/2025, 10:41:01 PM GMT+3 [Modules] Streaming discord_game_utils@1 to /home/burak/.config/discord/0.0.80/modules/pending/discord_game_utils-1.zip: 47%
1/14/2025, 10:41:01 PM GMT+3 [Modules] Streaming discord_game_utils@1 to /home/burak/.config/discord/0.0.80/modules/pending/discord_game_utils-1.zip: 48%
1/14/2025, 10:41:01 PM GMT+3 [Modules] Streaming discord_game_utils@1 to /home/burak/.config/discord/0.0.80/modules/pending/discord_game_utils-1.zip: 49%
1/14/2025, 10:41:01 PM GMT+3 [Modules] Streaming discord_game_utils@1 to /home/burak/.config/discord/0.0.80/modules/pending/discord_game_utils-1.zip: 50%
1/14/2025, 10:41:01 PM GMT+3 [Modules] Streaming discord_game_utils@1 to /home/burak/.config/discord/0.0.80/modules/pending/discord_game_utils-1.zip: 51%
1/14/2025, 10:41:01 PM GMT+3 [Modules] Streaming discord_game_utils@1 to /home/burak/.config/discord/0.0.80/modules/pending/discord_game_utils-1.zip: 52%
1/14/2025, 10:41:01 PM GMT+3 [Modules] Streaming discord_game_utils@1 to /home/burak/.config/discord/0.0.80/modules/pending/discord_game_utils-1.zip: 53%
1/14/2025, 10:41:01 PM GMT+3 [Modules] Streaming discord_game_utils@1 to /home/burak/.config/discord/0.0.80/modules/pending/discord_game_utils-1.zip: 54%
1/14/2025, 10:41:01 PM GMT+3 [Modules] Streaming discord_game_utils@1 to /home/burak/.config/discord/0.0.80/modules/pending/discord_game_utils-1.zip: 55%
1/14/2025, 10:41:01 PM GMT+3 [Modules] Streaming discord_game_utils@1 to /home/burak/.config/discord/0.0.80/modules/pending/discord_game_utils-1.zip: 56%
1/14/2025, 10:41:01 PM GMT+3 [Modules] Streaming discord_game_utils@1 to /home/burak/.config/discord/0.0.80/modules/pending/discord_game_utils-1.zip: 57%
1/14/2025, 10:41:01 PM GMT+3 [Modules] Streaming discord_game_utils@1 to /home/burak/.config/discord/0.0.80/modules/pending/discord_game_utils-1.zip: 58%
1/14/2025, 10:41:01 PM GMT+3 [Modules] Streaming discord_game_utils@1 to /home/burak/.config/discord/0.0.80/modules/pending/discord_game_utils-1.zip: 59%
1/14/2025, 10:41:01 PM GMT+3 [Modules] Streaming discord_game_utils@1 to /home/burak/.config/discord/0.0.80/modules/pending/discord_game_utils-1.zip: 60%
1/14/2025, 10:41:01 PM GMT+3 [Modules] Streaming discord_game_utils@1 to /home/burak/.config/discord/0.0.80/modules/pending/discord_game_utils-1.zip: 61%
1/14/2025, 10:41:01 PM GMT+3 [Modules] Streaming discord_game_utils@1 to /home/burak/.config/discord/0.0.80/modules/pending/discord_game_utils-1.zip: 62%
1/14/2025, 10:41:01 PM GMT+3 [Modules] Streaming discord_game_utils@1 to /home/burak/.config/discord/0.0.80/modules/pending/discord_game_utils-1.zip: 63%
1/14/2025, 10:41:01 PM GMT+3 [Modules] Streaming discord_game_utils@1 to /home/burak/.config/discord/0.0.80/modules/pending/discord_game_utils-1.zip: 64%
1/14/2025, 10:41:02 PM GMT+3 [Modules] Streaming discord_game_utils@1 to /home/burak/.config/discord/0.0.80/modules/pending/discord_game_utils-1.zip: 66%
1/14/2025, 10:41:02 PM GMT+3 [Modules] Streaming discord_game_utils@1 to /home/burak/.config/discord/0.0.80/modules/pending/discord_game_utils-1.zip: 68%
1/14/2025, 10:41:02 PM GMT+3 [Modules] Streaming discord_game_utils@1 to /home/burak/.config/discord/0.0.80/modules/pending/discord_game_utils-1.zip: 69%
1/14/2025, 10:41:02 PM GMT+3 [Modules] Streaming discord_game_utils@1 to /home/burak/.config/discord/0.0.80/modules/pending/discord_game_utils-1.zip: 71%
1/14/2025, 10:41:02 PM GMT+3 [Modules] Streaming discord_game_utils@1 to /home/burak/.config/discord/0.0.80/modules/pending/discord_game_utils-1.zip: 75%
1/14/2025, 10:41:02 PM GMT+3 [Modules] Streaming discord_game_utils@1 to /home/burak/.config/discord/0.0.80/modules/pending/discord_game_utils-1.zip: 76%
1/14/2025, 10:41:02 PM GMT+3 [Modules] Streaming discord_game_utils@1 to /home/burak/.config/discord/0.0.80/modules/pending/discord_game_utils-1.zip: 78%
1/14/2025, 10:41:02 PM GMT+3 [Modules] Streaming discord_game_utils@1 to /home/burak/.config/discord/0.0.80/modules/pending/discord_game_utils-1.zip: 80%
1/14/2025, 10:41:02 PM GMT+3 [Modules] Streaming discord_game_utils@1 to /home/burak/.config/discord/0.0.80/modules/pending/discord_game_utils-1.zip: 84%
1/14/2025, 10:41:02 PM GMT+3 [Modules] Streaming discord_game_utils@1 to /home/burak/.config/discord/0.0.80/modules/pending/discord_game_utils-1.zip: 87%
1/14/2025, 10:41:02 PM GMT+3 [Modules] Streaming discord_game_utils@1 to /home/burak/.config/discord/0.0.80/modules/pending/discord_game_utils-1.zip: 93%
1/14/2025, 10:41:02 PM GMT+3 [Modules] Streaming discord_game_utils@1 to /home/burak/.config/discord/0.0.80/modules/pending/discord_game_utils-1.zip: 94%
1/14/2025, 10:41:02 PM GMT+3 [Modules] Streaming discord_game_utils@1 to /home/burak/.config/discord/0.0.80/modules/pending/discord_game_utils-1.zip: 98%
1/14/2025, 10:41:02 PM GMT+3 [Modules] Streaming discord_game_utils@1 to /home/burak/.config/discord/0.0.80/modules/pending/discord_game_utils-1.zip: 100%
1/14/2025, 10:41:02 PM GMT+3 [Modules] Fetching discord_rpc@1 from https://discord.com/api/modules/stable/discord_rpc/1
1/14/2025, 10:41:02 PM GMT+3 [Modules] Streaming discord_rpc@1 to /home/burak/.config/discord/0.0.80/modules/pending/discord_rpc-1.zip
1/14/2025, 10:41:02 PM GMT+3 [Modules] Installing discord_game_utils@1 from /home/burak/.config/discord/0.0.80/modules/pending/discord_game_utils-1.zip
1/14/2025, 10:41:02 PM GMT+3 [Modules] Finished module installations. [success: 2] [failure: 0]
1/14/2025, 10:41:02 PM GMT+3 [Modules] Streaming discord_rpc@1 to /home/burak/.config/discord/0.0.80/modules/pending/discord_rpc-1.zip: 2%
1/14/2025, 10:41:02 PM GMT+3 [Modules] Streaming discord_rpc@1 to /home/burak/.config/discord/0.0.80/modules/pending/discord_rpc-1.zip: 8%
1/14/2025, 10:41:02 PM GMT+3 [Modules] Streaming discord_rpc@1 to /home/burak/.config/discord/0.0.80/modules/pending/discord_rpc-1.zip: 26%
1/14/2025, 10:41:02 PM GMT+3 [Modules] Streaming discord_rpc@1 to /home/burak/.config/discord/0.0.80/modules/pending/discord_rpc-1.zip: 32%
1/14/2025, 10:41:02 PM GMT+3 [Modules] Streaming discord_rpc@1 to /home/burak/.config/discord/0.0.80/modules/pending/discord_rpc-1.zip: 40%
1/14/2025, 10:41:02 PM GMT+3 [Modules] Streaming discord_rpc@1 to /home/burak/.config/discord/0.0.80/modules/pending/discord_rpc-1.zip: 64%
1/14/2025, 10:41:02 PM GMT+3 [Modules] Streaming discord_rpc@1 to /home/burak/.config/discord/0.0.80/modules/pending/discord_rpc-1.zip: 100%
1/14/2025, 10:41:02 PM GMT+3 [Modules] Finished module downloads. [success: 3] [failure: 0]
1/14/2025, 10:41:02 PM GMT+3 [Modules] Installing discord_rpc@1 from /home/burak/.config/discord/0.0.80/modules/pending/discord_rpc-1.zip
1/14/2025, 10:41:02 PM GMT+3 [Modules] Finished module installations. [success: 1] [failure: 0]
1/14/2025, 10:46:41 PM GMT+3 [Modules] Modules initializing
1/14/2025, 10:46:41 PM GMT+3 [Modules] Distribution: remote
1/14/2025, 10:46:41 PM GMT+3 [Modules] Host updates: enabled
1/14/2025, 10:46:41 PM GMT+3 [Modules] Module updates: enabled
1/14/2025, 10:46:41 PM GMT+3 [Modules] Module install path: /home/burak/.config/discord/0.0.80/modules
1/14/2025, 10:46:41 PM GMT+3 [Modules] Module installed file path: /home/burak/.config/discord/0.0.80/modules/installed.json
1/14/2025, 10:46:41 PM GMT+3 [Modules] Module download path: /home/burak/.config/discord/0.0.80/modules/pending
1/14/2025, 10:46:41 PM GMT+3 [Modules] No updates to install
1/14/2025, 10:46:41 PM GMT+3 [Modules] Checking for host updates.
1/14/2025, 10:46:41 PM GMT+3 [Modules] Host update failed: Error: getaddrinfo EAI_AGAIN discord.com
1/14/2025, 10:46:51 PM GMT+3 [Modules] Checking for host updates.
1/14/2025, 10:46:51 PM GMT+3 [Modules] Host update failed: Error: getaddrinfo EAI_AGAIN discord.com
1/14/2025, 10:48:08 PM GMT+3 [Modules] Modules initializing
1/14/2025, 10:48:08 PM GMT+3 [Modules] Distribution: remote
1/14/2025, 10:48:08 PM GMT+3 [Modules] Host updates: enabled
1/14/2025, 10:48:08 PM GMT+3 [Modules] Module updates: enabled
1/14/2025, 10:48:08 PM GMT+3 [Modules] Module install path: /home/burak/.config/discord/0.0.80/modules
1/14/2025, 10:48:08 PM GMT+3 [Modules] Module installed file path: /home/burak/.config/discord/0.0.80/modules/installed.json
1/14/2025, 10:48:08 PM GMT+3 [Modules] Module download path: /home/burak/.config/discord/0.0.80/modules/pending
1/14/2025, 10:48:09 PM GMT+3 [Modules] No updates to install
1/14/2025, 10:48:09 PM GMT+3 [Modules] Checking for host updates.
1/14/2025, 10:48:10 PM GMT+3 [Modules] Host is up to date.
1/14/2025, 10:48:10 PM GMT+3 [Modules] Checking for module updates at https://discord.com/api/modules/stable/versions.json
1/14/2025, 10:48:10 PM GMT+3 [Modules] No module updates available.
1/14/2025, 10:48:54 PM GMT+3 [Modules] Modules initializing
1/14/2025, 10:48:54 PM GMT+3 [Modules] Distribution: remote
1/14/2025, 10:48:54 PM GMT+3 [Modules] Host updates: enabled
1/14/2025, 10:48:54 PM GMT+3 [Modules] Module updates: enabled
1/14/2025, 10:48:54 PM GMT+3 [Modules] Module install path: /home/burak/.config/discord/0.0.80/modules
1/14/2025, 10:48:54 PM GMT+3 [Modules] Module installed file path: /home/burak/.config/discord/0.0.80/modules/installed.json
1/14/2025, 10:48:54 PM GMT+3 [Modules] Module download path: /home/burak/.config/discord/0.0.80/modules/pending
1/14/2025, 10:48:54 PM GMT+3 [Modules] No updates to install
1/14/2025, 10:48:54 PM GMT+3 [Modules] Checking for host updates.
1/14/2025, 10:48:55 PM GMT+3 [Modules] Host is up to date.
1/14/2025, 10:48:55 PM GMT+3 [Modules] Checking for module updates at https://discord.com/api/modules/stable/versions.json
1/14/2025, 10:48:55 PM GMT+3 [Modules] No module updates available.
1/14/2025, 10:49:00 PM GMT+3 [Modules] Checking for host updates.
1/14/2025, 10:49:00 PM GMT+3 [Modules] Host is up to date.
1/14/2025, 10:49:00 PM GMT+3 [Modules] Checking for module updates at https://discord.com/api/modules/stable/versions.json
1/14/2025, 10:49:00 PM GMT+3 [Modules] No module updates available.
1/14/2025, 10:49:11 PM GMT+3 [Modules] Modules initializing
1/14/2025, 10:49:11 PM GMT+3 [Modules] Distribution: remote
1/14/2025, 10:49:11 PM GMT+3 [Modules] Host updates: enabled
1/14/2025, 10:49:11 PM GMT+3 [Modules] Module updates: enabled
1/14/2025, 10:49:11 PM GMT+3 [Modules] Module install path: /home/burak/.config/discord/0.0.80/modules
1/14/2025, 10:49:11 PM GMT+3 [Modules] Module installed file path: /home/burak/.config/discord/0.0.80/modules/installed.json
1/14/2025, 10:49:11 PM GMT+3 [Modules] Module download path: /home/burak/.config/discord/0.0.80/modules/pending
1/14/2025, 10:49:12 PM GMT+3 [Modules] No updates to install
1/14/2025, 10:49:12 PM GMT+3 [Modules] Checking for host updates.
1/14/2025, 10:49:12 PM GMT+3 [Modules] Host update failed: Error: getaddrinfo EAI_AGAIN discord.com
