2025-01-22 00:40:36.756 [info] Extension host with pid 35004 started
2025-01-22 00:40:36.919 [info] ExtensionService#_doActivateExtension vscode.git-base, startup: true, activationEvent: '*', root cause: vscode.git
2025-01-22 00:40:36.928 [info] ExtensionService#_doActivateExtension vscode.git, startup: true, activationEvent: '*'
2025-01-22 00:40:37.002 [info] ExtensionService#_doActivateExtension vscode.github, startup: true, activationEvent: '*'
2025-01-22 00:40:37.087 [info] Eager extensions activated
2025-01-22 00:40:37.093 [info] ExtensionService#_doActivateExtension vscode.debug-auto-launch, startup: false, activationEvent: 'onStartupFinished'
2025-01-22 00:40:37.096 [info] ExtensionService#_doActivateExtension vscode.merge-conflict, startup: false, activationEvent: 'onStartupFinished'
2025-01-22 00:40:42.644 [info] ExtensionService#_doActivateExtension vscode.emmet, startup: false, activationEvent: 'onLanguage'
2025-01-22 00:41:00.634 [info] ExtensionService#_doActivateExtension vscode.github-authentication, startup: false, activationEvent: 'onStartupFinished', root cause: GitHub.vscode-pull-request-github
2025-01-22 00:41:00.674 [info] ExtensionService#_doActivateExtension GitHub.vscode-pull-request-github, startup: false, activationEvent: 'onStartupFinished'
2025-01-22 00:41:00.855 [error] Activating extension GitHub.vscode-pull-request-github failed due to an error:
2025-01-22 00:41:00.855 [error] Error: Extension 'GitHub.vscode-pull-request-github' CANNOT use API proposal: diffCommand.
Its package.json#enabledApiProposals-property declares:  but NOT diffCommand.
 The missing proposal MUST be added and you must start in extension development mode or use the following command line switch: --enable-proposed-api GitHub.vscode-pull-request-github
	at L (file:///usr/lib/code/out/vs/workbench/api/node/extensionHostProcess.js:113:16650)
	at Object.registerDiffInformationCommand (file:///usr/lib/code/out/vs/workbench/api/node/extensionHostProcess.js:157:37196)
	at E0 (/home/burak/.vscode-oss/extensions/github.vscode-pull-request-github-0.102.0-universal/dist/extension.js:2207:2008)
	at r4 (/home/burak/.vscode-oss/extensions/github.vscode-pull-request-github-0.102.0-universal/dist/extension.js:2546:4467)
	at u4 (/home/burak/.vscode-oss/extensions/github.vscode-pull-request-github-0.102.0-universal/dist/extension.js:2546:8938)
	at async s4 (/home/burak/.vscode-oss/extensions/github.vscode-pull-request-github-0.102.0-universal/dist/extension.js:2546:6190)
	at async K0.n (file:///usr/lib/code/out/vs/workbench/api/node/extensionHostProcess.js:115:4447)
	at async K0.m (file:///usr/lib/code/out/vs/workbench/api/node/extensionHostProcess.js:115:4410)
	at async K0.l (file:///usr/lib/code/out/vs/workbench/api/node/extensionHostProcess.js:115:3866)
2025-01-22 00:42:36.396 [info] ExtensionService#_doActivateExtension esbenp.prettier-vscode, startup: false, activationEvent: 'onStartupFinished'
2025-01-22 00:42:43.080 [info] ExtensionService#_doActivateExtension ms-python.python, startup: false, activationEvent: 'onWalkthrough:pythonWelcome'
2025-01-22 00:42:44.626 [error] Error: Extension 'ms-python.python' CANNOT use API proposal: testObserver.
Its package.json#enabledApiProposals-property declares:  but NOT testObserver.
 The missing proposal MUST be added and you must start in extension development mode or use the following command line switch: --enable-proposed-api ms-python.python
	at L (file:///usr/lib/code/out/vs/workbench/api/node/extensionHostProcess.js:113:16650)
	at get testResults (file:///usr/lib/code/out/vs/workbench/api/node/extensionHostProcess.js:157:39656)
	at C.activate (/home/burak/.vscode-oss/extensions/ms-python.python-2024.23.0-dev-universal/out/client/extension.js:2:906574)
	at /home/burak/.vscode-oss/extensions/ms-python.python-2024.23.0-dev-universal/out/client/extension.js:2:2457
	at Array.map (<anonymous>)
	at v.activateWorkspace (/home/burak/.vscode-oss/extensions/ms-python.python-2024.23.0-dev-universal/out/client/extension.js:2:2447)
2025-01-22 00:43:06.055 [info] Extension host terminating: renderer closed the MessagePort
2025-01-22 00:43:06.072 [info] Extension host with pid 35004 exiting with code 0
