2025-01-22 00:43:11.054 [info] Reading sessions from keychain...
2025-01-22 00:43:11.054 [info] Getting sessions for all scopes...
2025-01-22 00:43:11.054 [info] Getting sessions for all scopes...
2025-01-22 00:43:11.054 [info] Got 0 sessions for ...
2025-01-22 00:43:11.054 [info] Got 0 sessions for ...
2025-01-22 00:43:11.054 [info] Getting sessions for project,read:org,read:user,repo,user:email,workflow...
2025-01-22 00:43:11.054 [info] Got 0 sessions for project,read:org,read:user,repo,user:email,workflow...
2025-01-22 00:43:11.056 [info] Getting sessions for read:user,repo,user:email,workflow...
2025-01-22 00:43:11.056 [info] Got 0 sessions for read:user,repo,user:email,workflow...
2025-01-22 00:43:11.058 [info] Getting sessions for read:user,repo,user:email...
2025-01-22 00:43:11.058 [info] Got 0 sessions for read:user,repo,user:email...
2025-01-22 00:43:11.060 [info] Getting sessions for read:user,repo,user:email,workflow...
2025-01-22 00:43:11.060 [info] Got 0 sessions for read:user,repo,user:email,workflow...
2025-01-22 00:43:12.367 [info] Getting sessions for all scopes...
2025-01-22 00:43:12.367 [info] Got 0 sessions for ...
2025-01-22 00:43:27.154 [info] Reading sessions from keychain...
2025-01-22 00:43:27.155 [info] Getting sessions for all scopes...
2025-01-22 00:43:27.155 [info] Getting sessions for all scopes...
2025-01-22 00:43:27.155 [info] Got 0 sessions for ...
2025-01-22 00:43:27.155 [info] Got 0 sessions for ...
2025-01-22 00:43:27.159 [info] Getting sessions for project,read:org,read:user,repo,user:email,workflow...
2025-01-22 00:43:27.159 [info] Got 0 sessions for project,read:org,read:user,repo,user:email,workflow...
2025-01-22 00:43:27.161 [info] Getting sessions for read:user,repo,user:email,workflow...
2025-01-22 00:43:27.161 [info] Got 0 sessions for read:user,repo,user:email,workflow...
2025-01-22 00:43:27.163 [info] Getting sessions for read:user,repo,user:email...
2025-01-22 00:43:27.163 [info] Got 0 sessions for read:user,repo,user:email...
2025-01-22 00:43:27.164 [info] Getting sessions for read:user,repo,user:email,workflow...
2025-01-22 00:43:27.164 [info] Got 0 sessions for read:user,repo,user:email,workflow...
2025-01-22 00:43:28.536 [info] Getting sessions for all scopes...
2025-01-22 00:43:28.536 [info] Got 0 sessions for ...
