2025-01-22 00:43:09.820 [info] Added views:outline in workbench.view.explorer
2025-01-22 00:43:09.820 [info] Added views:workbench.view.search in workbench.view.search
2025-01-22 00:43:09.820 [info] Added views:workbench.scm in workbench.view.scm
2025-01-22 00:43:09.820 [info] Added views:workbench.panel.markers.view in workbench.panel.markers
2025-01-22 00:43:09.820 [info] Added views:workbench.panel.output in workbench.panel.output
2025-01-22 00:43:09.820 [info] Added views:terminal in terminal
2025-01-22 00:43:09.820 [info] Added views:timeline in workbench.view.explorer
2025-01-22 00:43:09.820 [info] Added views:workbench.explorer.emptyView in workbench.view.explorer
2025-01-22 00:43:09.959 [info] Added views:workbench.debug.welcome in workbench.view.debug
2025-01-22 00:43:10.194 [info] Added views:pr:github,issues:github in workbench.view.extension.github-pull-requests
2025-01-22 00:43:10.394 [info] Added views:~remote.forwardedPorts in ~remote.forwardedPortsContainer
2025-01-22 00:43:10.520 [info] Added views:workbench.panel.repl.view in workbench.panel.repl
2025-01-22 00:43:25.749 [info] Added views:outline in workbench.view.explorer
2025-01-22 00:43:25.749 [info] Added views:workbench.view.search in workbench.view.search
2025-01-22 00:43:25.750 [info] Added views:workbench.scm in workbench.view.scm
2025-01-22 00:43:25.750 [info] Added views:workbench.panel.markers.view in workbench.panel.markers
2025-01-22 00:43:25.750 [info] Added views:workbench.panel.output in workbench.panel.output
2025-01-22 00:43:25.750 [info] Added views:terminal in terminal
2025-01-22 00:43:25.750 [info] Added views:timeline in workbench.view.explorer
2025-01-22 00:43:25.750 [info] Added views:workbench.explorer.fileView in workbench.view.explorer
2025-01-22 00:43:25.972 [info] Added views:workbench.debug.variablesView,workbench.debug.watchExpressionsView,workbench.debug.callStackView,workbench.debug.breakPointsView in workbench.view.debug
2025-01-22 00:43:26.161 [info] Added views:pr:github,issues:github in workbench.view.extension.github-pull-requests
2025-01-22 00:43:26.259 [info] Added views:~remote.forwardedPorts in ~remote.forwardedPortsContainer
2025-01-22 00:43:26.452 [info] Added views:workbench.panel.repl.view in workbench.panel.repl
2025-01-22 00:43:26.453 [info] Removed views:workbench.debug.breakPointsView,workbench.debug.callStackView,workbench.debug.watchExpressionsView,workbench.debug.variablesView from workbench.view.debug
2025-01-22 00:43:26.454 [info] Added views:workbench.debug.welcome in workbench.view.debug
2025-01-22 00:43:40.792 [info] Added views:workbench.views.extensions.installed,workbench.views.extensions.popular,extensions.recommendedList in workbench.view.extensions
2025-01-22 00:43:40.793 [info] Removed views:workbench.views.extensions.popular from workbench.view.extensions
2025-01-22 00:43:43.087 [info] Removed views:extensions.recommendedList,workbench.views.extensions.installed from workbench.view.extensions
2025-01-22 00:43:43.093 [info] Added views:workbench.views.extensions.marketplace in workbench.view.extensions
2025-01-22 00:43:58.391 [info] Removed views:workbench.views.extensions.marketplace from workbench.view.extensions
2025-01-22 00:43:58.401 [info] Added views:workbench.views.extensions.installed,extensions.recommendedList in workbench.view.extensions
2025-01-22 00:44:00.327 [info] Removed views:extensions.recommendedList,workbench.views.extensions.installed from workbench.view.extensions
2025-01-22 00:44:00.333 [info] Added views:workbench.views.extensions.marketplace in workbench.view.extensions
2025-01-22 00:44:18.930 [info] Removed views:workbench.views.extensions.marketplace from workbench.view.extensions
2025-01-22 00:44:18.941 [info] Added views:workbench.views.extensions.installed,extensions.recommendedList in workbench.view.extensions
