2025-01-22 00:40:36.121 [info] Started local extension host with pid 35004.
2025-01-22 00:40:36.174 [info] Started initializing default profile extensions in extensions installation folder. file:///home/burak/.vscode-oss/extensions
2025-01-22 00:40:36.342 [info] Completed initializing default profile extensions in extensions installation folder. file:///home/burak/.vscode-oss/extensions
2025-01-22 00:40:39.247 [info] [perf] Render performance baseline is 26ms
2025-01-22 00:40:41.809 [error] Timed out waiting for authentication provider to register
2025-01-22 00:41:00.541 [error] Extension 'GitHub.vscode-pull-request-github CANNOT USE these API proposals 'activeComment, codiconDecoration, codeActionRanges, commentingRangeHint, commentReactor, commentReveal, commentThreadApplicability, contribAccessibilityHelpContent, contribCommentEditorActionsMenu, contribCommentPeekContext, contribCommentThreadAdditionalMenu, contribCommentsViewThreadMenus, contribEditorContentMenu, contribShareMenu, diffCommand, fileComments, quickDiffProvider, shareProvider, tokenInformation, treeViewMarkdownMessage'. You MUST start in extension development mode or use the --enable-proposed-api command line flag
2025-01-22 00:41:00.547 [error] [GitHub.vscode-pull-request-github]: commentsView/commentThread/context is a proposed menu identifier. It requires 'package.json#enabledApiProposals: ["contribCommentsViewThreadMenus"]' and is only available when running out of dev or with the following command line switch: --enable-proposed-api GitHub.vscode-pull-request-github
2025-01-22 00:41:00.548 [error] [GitHub.vscode-pull-request-github]: editor/content is a proposed menu identifier. It requires 'package.json#enabledApiProposals: ["contribEditorContentMenu"]' and is only available when running out of dev or with the following command line switch: --enable-proposed-api GitHub.vscode-pull-request-github
2025-01-22 00:41:00.548 [error] [GitHub.vscode-pull-request-github]: comments/comment/editorActions is a proposed menu identifier. It requires 'package.json#enabledApiProposals: ["contribCommentEditorActionsMenu"]' and is only available when running out of dev or with the following command line switch: --enable-proposed-api GitHub.vscode-pull-request-github
2025-01-22 00:41:00.549 [error] [GitHub.vscode-pull-request-github]: comments/commentThread/additionalActions is a proposed menu identifier. It requires 'package.json#enabledApiProposals: ["contribCommentThreadAdditionalMenu"]' and is only available when running out of dev or with the following command line switch: --enable-proposed-api GitHub.vscode-pull-request-github
2025-01-22 00:41:00.549 [error] [GitHub.vscode-pull-request-github]: comments/commentThread/title/context is a proposed menu identifier. It requires 'package.json#enabledApiProposals: ["contribCommentPeekContext"]' and is only available when running out of dev or with the following command line switch: --enable-proposed-api GitHub.vscode-pull-request-github
2025-01-22 00:41:00.549 [error] [GitHub.vscode-pull-request-github]: comments/commentThread/comment/context is a proposed menu identifier. It requires 'package.json#enabledApiProposals: ["contribCommentPeekContext"]' and is only available when running out of dev or with the following command line switch: --enable-proposed-api GitHub.vscode-pull-request-github
2025-01-22 00:41:00.549 [error] [GitHub.vscode-pull-request-github]: editor/context/share is a proposed menu identifier. It requires 'package.json#enabledApiProposals: ["contribShareMenu"]' and is only available when running out of dev or with the following command line switch: --enable-proposed-api GitHub.vscode-pull-request-github
2025-01-22 00:41:00.550 [error] [GitHub.vscode-pull-request-github]: file/share is a proposed menu identifier. It requires 'package.json#enabledApiProposals: ["contribShareMenu"]' and is only available when running out of dev or with the following command line switch: --enable-proposed-api GitHub.vscode-pull-request-github
2025-01-22 00:41:00.550 [error] [GitHub.vscode-pull-request-github]: editor/title/context/share is a proposed menu identifier. It requires 'package.json#enabledApiProposals: ["contribShareMenu"]' and is only available when running out of dev or with the following command line switch: --enable-proposed-api GitHub.vscode-pull-request-github
2025-01-22 00:41:00.550 [error] [GitHub.vscode-pull-request-github]: explorer/context/share is a proposed menu identifier. It requires 'package.json#enabledApiProposals: ["contribShareMenu"]' and is only available when running out of dev or with the following command line switch: --enable-proposed-api GitHub.vscode-pull-request-github
2025-01-22 00:42:42.931 [error] Extension 'ms-python.debugpy CANNOT USE these API proposals 'portsAttributes, debugVisualization, contribViewsWelcome'. You MUST start in extension development mode or use the --enable-proposed-api command line flag
2025-01-22 00:42:42.931 [error] Extension 'ms-python.python CANNOT USE these API proposals 'contribEditorContentMenu, quickPickSortByLabel, testObserver, quickPickItemTooltip, terminalDataWriteEvent, terminalExecuteCommandEvent, codeActionAI, notebookReplDocument, notebookVariableProvider'. You MUST start in extension development mode or use the --enable-proposed-api command line flag
2025-01-22 00:42:42.940 [error] [GitHub.vscode-pull-request-github]: commentsView/commentThread/context is a proposed menu identifier. It requires 'package.json#enabledApiProposals: ["contribCommentsViewThreadMenus"]' and is only available when running out of dev or with the following command line switch: --enable-proposed-api GitHub.vscode-pull-request-github
2025-01-22 00:42:42.940 [error] [GitHub.vscode-pull-request-github]: editor/content is a proposed menu identifier. It requires 'package.json#enabledApiProposals: ["contribEditorContentMenu"]' and is only available when running out of dev or with the following command line switch: --enable-proposed-api GitHub.vscode-pull-request-github
2025-01-22 00:42:42.941 [error] [GitHub.vscode-pull-request-github]: comments/comment/editorActions is a proposed menu identifier. It requires 'package.json#enabledApiProposals: ["contribCommentEditorActionsMenu"]' and is only available when running out of dev or with the following command line switch: --enable-proposed-api GitHub.vscode-pull-request-github
2025-01-22 00:42:42.941 [error] [GitHub.vscode-pull-request-github]: comments/commentThread/additionalActions is a proposed menu identifier. It requires 'package.json#enabledApiProposals: ["contribCommentThreadAdditionalMenu"]' and is only available when running out of dev or with the following command line switch: --enable-proposed-api GitHub.vscode-pull-request-github
2025-01-22 00:42:42.941 [error] [GitHub.vscode-pull-request-github]: comments/commentThread/title/context is a proposed menu identifier. It requires 'package.json#enabledApiProposals: ["contribCommentPeekContext"]' and is only available when running out of dev or with the following command line switch: --enable-proposed-api GitHub.vscode-pull-request-github
2025-01-22 00:42:42.942 [error] [GitHub.vscode-pull-request-github]: comments/commentThread/comment/context is a proposed menu identifier. It requires 'package.json#enabledApiProposals: ["contribCommentPeekContext"]' and is only available when running out of dev or with the following command line switch: --enable-proposed-api GitHub.vscode-pull-request-github
2025-01-22 00:42:42.942 [error] [GitHub.vscode-pull-request-github]: editor/context/share is a proposed menu identifier. It requires 'package.json#enabledApiProposals: ["contribShareMenu"]' and is only available when running out of dev or with the following command line switch: --enable-proposed-api GitHub.vscode-pull-request-github
2025-01-22 00:42:42.942 [error] [GitHub.vscode-pull-request-github]: file/share is a proposed menu identifier. It requires 'package.json#enabledApiProposals: ["contribShareMenu"]' and is only available when running out of dev or with the following command line switch: --enable-proposed-api GitHub.vscode-pull-request-github
2025-01-22 00:42:42.943 [error] [GitHub.vscode-pull-request-github]: editor/title/context/share is a proposed menu identifier. It requires 'package.json#enabledApiProposals: ["contribShareMenu"]' and is only available when running out of dev or with the following command line switch: --enable-proposed-api GitHub.vscode-pull-request-github
2025-01-22 00:42:42.943 [error] [GitHub.vscode-pull-request-github]: explorer/context/share is a proposed menu identifier. It requires 'package.json#enabledApiProposals: ["contribShareMenu"]' and is only available when running out of dev or with the following command line switch: --enable-proposed-api GitHub.vscode-pull-request-github
2025-01-22 00:42:42.943 [error] [ms-python.python]: Menu item references a command `python.launchTensorBoard` which is not defined in the 'commands' section.
2025-01-22 00:42:42.943 [error] [ms-python.python]: Menu item references a command `python.refreshTensorBoard` which is not defined in the 'commands' section.
2025-01-22 00:42:42.943 [error] [ms-python.python]: editor/content is a proposed menu identifier. It requires 'package.json#enabledApiProposals: ["contribEditorContentMenu"]' and is only available when running out of dev or with the following command line switch: --enable-proposed-api ms-python.python
2025-01-22 00:42:42.943 [error] [ms-python.python]: Menu item references a command `python.refreshTensorBoard` which is not defined in the 'commands' section.
2025-01-22 00:42:47.750 [error] Invalid model for label change, rebuilding
2025-01-22 00:43:06.010 [error] [GitHub.vscode-pull-request-github]: commentsView/commentThread/context is a proposed menu identifier. It requires 'package.json#enabledApiProposals: ["contribCommentsViewThreadMenus"]' and is only available when running out of dev or with the following command line switch: --enable-proposed-api GitHub.vscode-pull-request-github
2025-01-22 00:43:06.011 [error] [GitHub.vscode-pull-request-github]: editor/content is a proposed menu identifier. It requires 'package.json#enabledApiProposals: ["contribEditorContentMenu"]' and is only available when running out of dev or with the following command line switch: --enable-proposed-api GitHub.vscode-pull-request-github
2025-01-22 00:43:06.011 [error] [GitHub.vscode-pull-request-github]: comments/comment/editorActions is a proposed menu identifier. It requires 'package.json#enabledApiProposals: ["contribCommentEditorActionsMenu"]' and is only available when running out of dev or with the following command line switch: --enable-proposed-api GitHub.vscode-pull-request-github
2025-01-22 00:43:06.012 [error] [GitHub.vscode-pull-request-github]: comments/commentThread/additionalActions is a proposed menu identifier. It requires 'package.json#enabledApiProposals: ["contribCommentThreadAdditionalMenu"]' and is only available when running out of dev or with the following command line switch: --enable-proposed-api GitHub.vscode-pull-request-github
2025-01-22 00:43:06.012 [error] [GitHub.vscode-pull-request-github]: comments/commentThread/title/context is a proposed menu identifier. It requires 'package.json#enabledApiProposals: ["contribCommentPeekContext"]' and is only available when running out of dev or with the following command line switch: --enable-proposed-api GitHub.vscode-pull-request-github
2025-01-22 00:43:06.012 [error] [GitHub.vscode-pull-request-github]: comments/commentThread/comment/context is a proposed menu identifier. It requires 'package.json#enabledApiProposals: ["contribCommentPeekContext"]' and is only available when running out of dev or with the following command line switch: --enable-proposed-api GitHub.vscode-pull-request-github
2025-01-22 00:43:06.012 [error] [GitHub.vscode-pull-request-github]: editor/context/share is a proposed menu identifier. It requires 'package.json#enabledApiProposals: ["contribShareMenu"]' and is only available when running out of dev or with the following command line switch: --enable-proposed-api GitHub.vscode-pull-request-github
2025-01-22 00:43:06.012 [error] [GitHub.vscode-pull-request-github]: file/share is a proposed menu identifier. It requires 'package.json#enabledApiProposals: ["contribShareMenu"]' and is only available when running out of dev or with the following command line switch: --enable-proposed-api GitHub.vscode-pull-request-github
2025-01-22 00:43:06.013 [error] [GitHub.vscode-pull-request-github]: editor/title/context/share is a proposed menu identifier. It requires 'package.json#enabledApiProposals: ["contribShareMenu"]' and is only available when running out of dev or with the following command line switch: --enable-proposed-api GitHub.vscode-pull-request-github
2025-01-22 00:43:06.013 [error] [GitHub.vscode-pull-request-github]: explorer/context/share is a proposed menu identifier. It requires 'package.json#enabledApiProposals: ["contribShareMenu"]' and is only available when running out of dev or with the following command line switch: --enable-proposed-api GitHub.vscode-pull-request-github
2025-01-22 00:43:06.013 [error] [ms-python.python]: Menu item references a command `python.launchTensorBoard` which is not defined in the 'commands' section.
2025-01-22 00:43:06.013 [error] [ms-python.python]: Menu item references a command `python.refreshTensorBoard` which is not defined in the 'commands' section.
2025-01-22 00:43:06.014 [error] [ms-python.python]: editor/content is a proposed menu identifier. It requires 'package.json#enabledApiProposals: ["contribEditorContentMenu"]' and is only available when running out of dev or with the following command line switch: --enable-proposed-api ms-python.python
2025-01-22 00:43:06.014 [error] [ms-python.python]: Menu item references a command `python.refreshTensorBoard` which is not defined in the 'commands' section.
