2025-01-22 00:40:36.088 [info] Added views:outline in workbench.view.explorer
2025-01-22 00:40:36.088 [info] Added views:workbench.view.search in workbench.view.search
2025-01-22 00:40:36.088 [info] Added views:workbench.scm in workbench.view.scm
2025-01-22 00:40:36.088 [info] Added views:workbench.panel.markers.view in workbench.panel.markers
2025-01-22 00:40:36.088 [info] Added views:workbench.panel.output in workbench.panel.output
2025-01-22 00:40:36.088 [info] Added views:terminal in terminal
2025-01-22 00:40:36.088 [info] Added views:timeline in workbench.view.explorer
2025-01-22 00:40:36.088 [info] Added views:workbench.explorer.emptyView in workbench.view.explorer
2025-01-22 00:40:36.519 [info] Added views:workbench.debug.variablesView,workbench.debug.watchExpressionsView,workbench.debug.callStackView,workbench.debug.breakPointsView in workbench.view.debug
2025-01-22 00:40:36.579 [info] Added views:~remote.forwardedPorts in ~remote.forwardedPortsContainer
2025-01-22 00:40:36.916 [info] Added views:workbench.panel.repl.view in workbench.panel.repl
2025-01-22 00:40:36.917 [info] Removed views:workbench.debug.breakPointsView,workbench.debug.callStackView,workbench.debug.watchExpressionsView,workbench.debug.variablesView from workbench.view.debug
2025-01-22 00:40:36.918 [info] Added views:workbench.debug.welcome in workbench.view.debug
2025-01-22 00:40:42.523 [info] Added views:workbench.views.extensions.installed,workbench.views.extensions.popular,extensions.recommendedList in workbench.view.extensions
2025-01-22 00:40:42.523 [info] Removed views:workbench.views.extensions.popular from workbench.view.extensions
2025-01-22 00:40:42.709 [info] Added views:workbench.views.extensions.popular in workbench.view.extensions
2025-01-22 00:41:00.564 [info] Added views:pr:github,issues:github in workbench.view.extension.github-pull-requests
2025-01-22 00:42:42.017 [info] Removed views:extensions.recommendedList,workbench.views.extensions.popular,workbench.views.extensions.installed from workbench.view.extensions
2025-01-22 00:42:42.030 [info] Added views:workbench.views.extensions.marketplace in workbench.view.extensions
2025-01-22 00:42:43.338 [info] Added views:workbench.view.testing in workbench.view.extension.test
2025-01-22 00:43:06.060 [info] Removed views:workbench.view.testing from workbench.view.extension.test
