2025-01-22 00:43:10.406 [info] Extension host with pid 35710 started
2025-01-22 00:43:10.521 [info] ExtensionService#_doActivateExtension vscode.git-base, startup: true, activationEvent: '*', root cause: vscode.git
2025-01-22 00:43:10.553 [info] ExtensionService#_doActivateExtension vscode.git, startup: true, activationEvent: '*'
2025-01-22 00:43:10.629 [info] ExtensionService#_doActivateExtension vscode.github, startup: true, activationEvent: '*'
2025-01-22 00:43:10.697 [info] Eager extensions activated
2025-01-22 00:43:10.709 [info] ExtensionService#_doActivateExtension vscode.debug-auto-launch, startup: false, activationEvent: 'onStartupFinished'
2025-01-22 00:43:10.712 [info] ExtensionService#_doActivateExtension vscode.merge-conflict, startup: false, activationEvent: 'onStartupFinished'
2025-01-22 00:43:10.733 [info] ExtensionService#_doActivateExtension esbenp.prettier-vscode, startup: false, activationEvent: 'onStartupFinished'
2025-01-22 00:43:10.815 [info] ExtensionService#_doActivateExtension vscode.github-authentication, startup: false, activationEvent: 'onStartupFinished', root cause: GitHub.vscode-pull-request-github
2025-01-22 00:43:10.905 [info] ExtensionService#_doActivateExtension GitHub.vscode-pull-request-github, startup: false, activationEvent: 'onStartupFinished'
2025-01-22 00:43:11.079 [error] Activating extension GitHub.vscode-pull-request-github failed due to an error:
2025-01-22 00:43:11.079 [error] Error: Extension 'GitHub.vscode-pull-request-github' CANNOT use API proposal: diffCommand.
Its package.json#enabledApiProposals-property declares:  but NOT diffCommand.
 The missing proposal MUST be added and you must start in extension development mode or use the following command line switch: --enable-proposed-api GitHub.vscode-pull-request-github
	at L (file:///usr/lib/code/out/vs/workbench/api/node/extensionHostProcess.js:113:16650)
	at Object.registerDiffInformationCommand (file:///usr/lib/code/out/vs/workbench/api/node/extensionHostProcess.js:157:37196)
	at E0 (/home/burak/.vscode-oss/extensions/github.vscode-pull-request-github-0.102.0-universal/dist/extension.js:2207:2008)
	at r4 (/home/burak/.vscode-oss/extensions/github.vscode-pull-request-github-0.102.0-universal/dist/extension.js:2546:4467)
	at u4 (/home/burak/.vscode-oss/extensions/github.vscode-pull-request-github-0.102.0-universal/dist/extension.js:2546:8938)
	at async s4 (/home/burak/.vscode-oss/extensions/github.vscode-pull-request-github-0.102.0-universal/dist/extension.js:2546:6190)
	at async K0.n (file:///usr/lib/code/out/vs/workbench/api/node/extensionHostProcess.js:115:4447)
	at async K0.m (file:///usr/lib/code/out/vs/workbench/api/node/extensionHostProcess.js:115:4410)
	at async K0.l (file:///usr/lib/code/out/vs/workbench/api/node/extensionHostProcess.js:115:3866)
2025-01-22 00:43:25.333 [info] Extension host terminating: renderer closed the MessagePort
2025-01-22 00:43:25.341 [info] Extension host with pid 35710 exiting with code 0
2025-01-22 00:43:26.423 [info] Extension host with pid 35764 started
2025-01-22 00:43:26.423 [info] Skipping acquiring lock for /home/burak/.config/Code - OSS/User/workspaceStorage/1471ddb51c8891b78a8044ae8ca310f7.
2025-01-22 00:43:26.454 [info] ExtensionService#_doActivateExtension vscode.git-base, startup: true, activationEvent: '*'
2025-01-22 00:43:26.460 [info] ExtensionService#_doActivateExtension redhat.java, startup: true, activationEvent: 'workspaceContains:.classpath'
2025-01-22 00:43:26.668 [info] ExtensionService#_doActivateExtension vscode.github, startup: true, activationEvent: '*'
2025-01-22 00:43:26.787 [warning] [redhat.java] Accessing a resource scoped configuration without providing a resource is not expected. To get the effective value for '[java]', provide the URI of a resource or 'null' for any resource.
2025-01-22 00:43:26.814 [info] Eager extensions activated
2025-01-22 00:43:26.824 [info] ExtensionService#_doActivateExtension vscode.debug-auto-launch, startup: false, activationEvent: 'onStartupFinished'
2025-01-22 00:43:26.827 [info] ExtensionService#_doActivateExtension vscode.merge-conflict, startup: false, activationEvent: 'onStartupFinished'
2025-01-22 00:43:26.848 [info] ExtensionService#_doActivateExtension esbenp.prettier-vscode, startup: false, activationEvent: 'onStartupFinished'
2025-01-22 00:43:26.930 [info] ExtensionService#_doActivateExtension vscode.github-authentication, startup: false, activationEvent: 'onStartupFinished', root cause: GitHub.vscode-pull-request-github
2025-01-22 00:43:26.997 [info] ExtensionService#_doActivateExtension GitHub.vscode-pull-request-github, startup: false, activationEvent: 'onStartupFinished'
2025-01-22 00:43:27.180 [error] Activating extension GitHub.vscode-pull-request-github failed due to an error:
2025-01-22 00:43:27.180 [error] Error: Extension 'GitHub.vscode-pull-request-github' CANNOT use API proposal: diffCommand.
Its package.json#enabledApiProposals-property declares:  but NOT diffCommand.
 The missing proposal MUST be added and you must start in extension development mode or use the following command line switch: --enable-proposed-api GitHub.vscode-pull-request-github
	at L (file:///usr/lib/code/out/vs/workbench/api/node/extensionHostProcess.js:113:16650)
	at Object.registerDiffInformationCommand (file:///usr/lib/code/out/vs/workbench/api/node/extensionHostProcess.js:157:37196)
	at E0 (/home/burak/.vscode-oss/extensions/github.vscode-pull-request-github-0.102.0-universal/dist/extension.js:2207:2008)
	at r4 (/home/burak/.vscode-oss/extensions/github.vscode-pull-request-github-0.102.0-universal/dist/extension.js:2546:4467)
	at u4 (/home/burak/.vscode-oss/extensions/github.vscode-pull-request-github-0.102.0-universal/dist/extension.js:2546:8938)
	at async s4 (/home/burak/.vscode-oss/extensions/github.vscode-pull-request-github-0.102.0-universal/dist/extension.js:2546:6190)
	at async K0.n (file:///usr/lib/code/out/vs/workbench/api/node/extensionHostProcess.js:115:4447)
	at async K0.m (file:///usr/lib/code/out/vs/workbench/api/node/extensionHostProcess.js:115:4410)
	at async K0.l (file:///usr/lib/code/out/vs/workbench/api/node/extensionHostProcess.js:115:3866)
2025-01-22 00:43:27.566 [info] ExtensionService#_doActivateExtension vscode.git, startup: false, activationEvent: 'api', root cause: vscode.github
2025-01-22 00:43:28.332 [info] ExtensionService#_doActivateExtension vscode.configuration-editing, startup: false, activationEvent: 'onLanguage:jsonc'
2025-01-22 00:43:28.356 [info] ExtensionService#_doActivateExtension vscode.json-language-features, startup: false, activationEvent: 'onLanguage:jsonc'
2025-01-22 00:43:28.447 [info] ExtensionService#_doActivateExtension vscode.typescript-language-features, startup: false, activationEvent: 'onLanguage:jsonc'
2025-01-22 00:43:28.505 [info] ExtensionService#_doActivateExtension vscode.emmet, startup: false, activationEvent: 'onLanguage'
2025-01-22 00:43:28.762 [warning] [redhat.java] Accessing a resource scoped configuration without providing a resource is not expected. To get the effective value for '[java]', provide the URI of a resource or 'null' for any resource.
2025-01-22 00:43:33.565 [error] [redhat.java] provider FAILED
2025-01-22 00:43:33.569 [error] Error: Pending response rejected since connection got disposed
	at Object.dispose (/home/burak/.vscode-oss/extensions/redhat.java-1.38.0-linux-x64/dist/extension.js:2:1072950)
	at Object.dispose (/home/burak/.vscode-oss/extensions/redhat.java-1.38.0-linux-x64/dist/extension.js:2:1128022)
	at /home/burak/.vscode-oss/extensions/redhat.java-1.38.0-linux-x64/dist/extension.js:2:1123797
	at process.processTicksAndRejections (node:internal/process/task_queues:95:5)
2025-01-22 00:43:33.570 [error] [redhat.java] provider FAILED
2025-01-22 00:43:33.570 [error] Error: Pending response rejected since connection got disposed
	at Object.dispose (/home/burak/.vscode-oss/extensions/redhat.java-1.38.0-linux-x64/dist/extension.js:2:1072950)
	at Object.dispose (/home/burak/.vscode-oss/extensions/redhat.java-1.38.0-linux-x64/dist/extension.js:2:1128022)
	at /home/burak/.vscode-oss/extensions/redhat.java-1.38.0-linux-x64/dist/extension.js:2:1123797
	at process.processTicksAndRejections (node:internal/process/task_queues:95:5)
2025-01-22 00:45:01.771 [info] Extension host terminating: renderer closed the MessagePort
2025-01-22 00:45:01.785 [info] Extension host with pid 35764 exiting with code 0
