2025-01-22 00:43:10.903 [info] [main] Log level: Info
2025-01-22 00:43:10.903 [info] [main] Validating found git in: "git"
2025-01-22 00:43:10.903 [info] [main] Using git "2.48.1" from "git"
2025-01-22 00:43:10.903 [info] [Model][doInitialScan] Initial repository scan started
2025-01-22 00:43:10.903 [info] [Model][doInitialScan] Initial repository scan completed - repositories (0), closed repositories (0), parent repositories (0), unsafe repositories (0)
2025-01-22 00:43:27.747 [info] [main] Log level: Info
2025-01-22 00:43:27.747 [info] [main] Validating found git in: "git"
2025-01-22 00:43:27.747 [info] [main] Using git "2.48.1" from "git"
2025-01-22 00:43:27.747 [info] [Model][doInitialScan] Initial repository scan started
2025-01-22 00:43:27.747 [info] > git rev-parse --show-toplevel [13ms]
2025-01-22 00:43:27.747 [info] fatal: not a git repository (or any parent up to mount point /)
Stopping at filesystem boundary (GIT_DISCOVERY_ACROSS_FILESYSTEM not set).
2025-01-22 00:43:27.757 [info] > git rev-parse --show-toplevel [2ms]
2025-01-22 00:43:27.757 [info] fatal: not a git repository (or any parent up to mount point /)
Stopping at filesystem boundary (GIT_DISCOVERY_ACROSS_FILESYSTEM not set).
2025-01-22 00:43:27.765 [info] > git rev-parse --show-toplevel [2ms]
2025-01-22 00:43:27.765 [info] fatal: not a git repository (or any parent up to mount point /)
Stopping at filesystem boundary (GIT_DISCOVERY_ACROSS_FILESYSTEM not set).
2025-01-22 00:43:27.773 [info] > git rev-parse --show-toplevel [2ms]
2025-01-22 00:43:27.773 [info] fatal: not a git repository (or any parent up to mount point /)
Stopping at filesystem boundary (GIT_DISCOVERY_ACROSS_FILESYSTEM not set).
2025-01-22 00:43:27.774 [info] [Model][doInitialScan] Initial repository scan completed - repositories (0), closed repositories (0), parent repositories (0), unsafe repositories (0)
2025-01-22 00:43:27.983 [info] > git rev-parse --show-toplevel [2ms]
2025-01-22 00:43:27.983 [info] fatal: not a git repository (or any parent up to mount point /)
Stopping at filesystem boundary (GIT_DISCOVERY_ACROSS_FILESYSTEM not set).
2025-01-22 00:43:28.288 [info] > git rev-parse --show-toplevel [1ms]
2025-01-22 00:43:28.288 [info] fatal: not a git repository (or any parent up to mount point /)
Stopping at filesystem boundary (GIT_DISCOVERY_ACROSS_FILESYSTEM not set).
2025-01-22 00:43:28.585 [info] > git rev-parse --show-toplevel [15ms]
2025-01-22 00:43:28.585 [info] fatal: not a git repository (or any parent up to mount point /)
Stopping at filesystem boundary (GIT_DISCOVERY_ACROSS_FILESYSTEM not set).
2025-01-22 00:43:30.605 [info] > git rev-parse --show-toplevel [3ms]
2025-01-22 00:43:30.605 [info] fatal: not a git repository (or any parent up to mount point /)
Stopping at filesystem boundary (GIT_DISCOVERY_ACROSS_FILESYSTEM not set).
2025-01-22 00:43:32.213 [info] > git rev-parse --show-toplevel [4ms]
2025-01-22 00:43:32.213 [info] fatal: not a git repository (or any parent up to mount point /)
Stopping at filesystem boundary (GIT_DISCOVERY_ACROSS_FILESYSTEM not set).
